info|2019-12-13 09:57:08.930532|[INITIALIZER][initGlobalConfig],enableCompress=true,compatibilityVersion=2.1.0,versionNumber=33619968,chainId=1
info|2019-12-13 09:57:09.025810|[NETWORK][Host]Connecting to node,endpoint=127.0.0.1:30300
info|2019-12-13 09:57:09.032820|[NETWORK][Host]Connecting to node,endpoint=127.0.0.1:30301
info|2019-12-13 09:57:09.032872|[NETWORK][Host]Connecting to node,endpoint=127.0.0.1:30302
info|2019-12-13 09:57:09.032908|[NETWORK][Host]Connecting to node,endpoint=127.0.0.1:30303
info|2019-12-13 09:57:09.032942|[P2P][Service] heartBeat,connected count=0
info|2019-12-13 09:57:09.034673|[CHANNEL]ChannelRPCServer started
info|2019-12-13 09:57:09.034704|[INITIALIZER][RPCInitializer]ChannelRPCHttpServer started.
info|2019-12-13 09:57:09.034722|[LedgerInitializer],groupConfigPath=conf/
info|2019-12-13 09:57:09.035866|[INITIALIZER][initSingleLedger] [GroupId]:  1
info|2019-12-13 09:57:09.035890|[g:1][LEDGER]LedgerConstructor,configPath=conf/group.1.genesis,baseDir=data//group1
info|2019-12-13 09:57:09.035904|[g:1][LEDGER][initGenesisConfig]initConsensusConfig/initDBConfig/initTxConfig,configFile=conf/group.1.genesis
info|2019-12-13 09:57:09.035983|[g:1][LEDGER][initConsensusConfig],it.first=84f7f9bc15162db32794a6c6464e88f1ff533cdefab8e49a456b7ead1bead0eb792a18dd55ac8aaac81461e82fd4c53926e196dc599db8dd189217236f87ef4b
info|2019-12-13 09:57:09.036034|[g:1][LEDGER][initConsensusConfig],it.first=fa0e0a8e163f26330aa2f490e3b9f9fba21460e4f327a6fac5ddff2fae64a100ab43ff4f6ce675868f9f6fd789e3fe59c0cbfe8e312c0c99130678561274f2f1
info|2019-12-13 09:57:09.036080|[g:1][LEDGER][initConsensusConfig],it.first=1e2232da5453f1ae3b8570976d5c84f555c5b47d99e1be4eff04e78d0e67558a3784d78014b0c43b650013f00fec66dcd9462f763107f1b0cbb821494eb42dc6
info|2019-12-13 09:57:09.036178|[g:1][LEDGER][initConsensusConfig],it.first=1dad45603371a89b205f016d3fd076d04000c15454ae23102c1f68c29cca9d69c688ec8d24e8d034aadc174714ea581058db480bd65f71b1eb8122f5867299d6
info|2019-12-13 09:57:09.036307|[g:1][LEDGER][initIniConfig]initTxPoolConfig/initSyncConfig/initTxExecuteConfig,configFile=conf/group.1.ini
info|2019-12-13 09:57:09.036402|[NETWORK][Host]P2P StartAccept,Host=0.0.0.0:30301
info|2019-12-13 09:57:09.038784|[g:1][LEDGER][initLedger][DBInitializer]
info|2019-12-13 09:57:09.038888|[g:1][DBINITIALIZER] [initRocksDBStorage]
info|2019-12-13 09:57:09.039037|[NETWORK][ASIO]asyncResolveConnect,endpoint=127.0.0.1:30300
info|2019-12-13 09:57:09.039257|[NETWORK][ASIO]asyncResolveConnect,endpoint=127.0.0.1:30301
info|2019-12-13 09:57:09.039366|[NETWORK][ASIO]asyncResolveConnect,endpoint=127.0.0.1:30302
info|2019-12-13 09:57:09.039564|[NETWORK][ASIO]asyncResolveConnect,endpoint=127.0.0.1:30303
warning|2019-12-13 09:57:09.039718|[NETWORK][Host]TCP Connection refused by node,endpoint=127.0.0.1:30300,message=Connection refused
warning|2019-12-13 09:57:09.039844|[P2P][Service] onConnect,errorCode=5,what=Connect failed
info|2019-12-13 09:57:09.039898|[g:1][ROCKSDB]open rocksDB handler
info|2019-12-13 09:57:09.040091|[NETWORK][Host]P2P Recv Connect, From=127.0.0.1:54548
info|2019-12-13 09:57:09.040148|[NETWORK][Host]P2P StartAccept,Host=0.0.0.0:30301
warning|2019-12-13 09:57:09.047877|[NETWORK][Host]TCP Connection refused by node,endpoint=127.0.0.1:30302,message=Connection refused
warning|2019-12-13 09:57:09.048210|[P2P][Service] onConnect,errorCode=5,what=Connect failed
info|2019-12-13 09:57:09.077773|[NETWORK][Host]P2P Recv Connect, From=127.0.0.1:54552
info|2019-12-13 09:57:09.078321|[NETWORK][Host]P2P StartAccept,Host=0.0.0.0:30301
info|2019-12-13 09:57:09.102456|[NETWORK][Host]P2P Recv Connect, From=127.0.0.1:54562
info|2019-12-13 09:57:09.107371|[NETWORK][Host]P2P StartAccept,Host=0.0.0.0:30301
info|2019-12-13 09:57:09.244825|[g:1][g:0][STORAGE][CachedStorage]Init flushStorage thread
info|2019-12-13 09:57:09.268786|[g:1][BLOCKCHAIN][#checkAndBuildGenesisBlock]Already have the 0th block, 0th groupMark is equal to file groupMark.
info|2019-12-13 09:57:09.271016|[g:1][CONSENSUS][PBFT]Register handler for PBFTEngine
info|2019-12-13 09:57:09.277066|[NETWORK][Host]P2P Recv Connect, From=127.0.0.1:54570
info|2019-12-13 09:57:09.277161|[NETWORK][Host]P2P StartAccept,Host=0.0.0.0:30301
info|2019-12-13 09:57:09.293818|[g:1][CONSENSUS][PBFT],minBlockGenerationTime=500
info|2019-12-13 09:57:09.293846|[LedgerInitializer init group succ],groupID=1
info|2019-12-13 09:57:09.294127|[INITIALIZER][RPCInitializer]JsonrpcHttpServer started.
info|2019-12-13 09:57:09.294158|[g:1][LEDGER]startAll...
info|2019-12-13 09:57:09.308283|[g:1][CONSENSUS][PBFT]^^^^^^^^Report,num=34,sealerIdx=1,hash=af8086f3...,next=35,tx=1,nodeIdx=3
info|2019-12-13 09:57:09.352696|[g:1][CONSENSUS][PBFT][PBFT init env successfully]
info|2019-12-13 09:57:09.352737|[g:1][CONSENSUS][ConsensusEngine][Start ConsensusEngineBase]
info|2019-12-13 09:57:09.362392|[g:1][CONSENSUS][PBFT][Start PBFTEngine...]
info|2019-12-13 09:57:09.362431|[g:1][CONSENSUS][SEALER][Start sealer module]
info|2019-12-13 09:57:09.372053|[g:1][EVENT][EventLogFilterManager]start,m_maxBlockRange=0,m_maxBlockPerLoopFilter=3
info|2019-12-13 09:57:09.401758|[P2P][Service] Connection established,nodeID=1dad4560...,endpoint=127.0.0.1:54548
info|2019-12-13 09:57:09.402218|[NETWORK][Host]startPeerSession, From=127.0.0.1:54548,nodeID=1dad4560...
info|2019-12-13 09:57:09.402283|[NETWORK][Host]startPeerSession, From=127.0.0.1:54552,nodeID=fa0e0a8e...
info|2019-12-13 09:57:09.404655|[NETWORK][Host]startPeerSession, From=127.0.0.1:30303,nodeID=1dad4560...
info|2019-12-13 09:57:09.405393|[NETWORK][Host]startPeerSession, From=127.0.0.1:30301,nodeID=fa0e0a8e...
info|2019-12-13 09:57:09.405498|[P2P][Service] Connection established,nodeID=84f7f9bc...,endpoint=127.0.0.1:54562
info|2019-12-13 09:57:09.405663|[NETWORK][Host]startPeerSession, From=127.0.0.1:54562,nodeID=84f7f9bc...
warning|2019-12-13 09:57:09.420954|[SYNC][id:fa0e0a8e...][Status]Peer data not found,nodeId=84f7f9bc...
info|2019-12-13 09:57:09.448055|[P2P][Service] Connection established,nodeID=1e2232da...,endpoint=127.0.0.1:54570
info|2019-12-13 09:57:09.448260|[NETWORK][Host]startPeerSession, From=127.0.0.1:54570,nodeID=1e2232da...
warning|2019-12-13 09:57:09.464798|[SYNC][id:fa0e0a8e...][Status]Peer data not found,nodeId=84f7f9bc...
warning|2019-12-13 09:57:09.492436|[SYNC][id:fa0e0a8e...][Status]Peer data not found,nodeId=1e2232da...
info|2019-12-13 09:57:10.464303|[g:1][CONSENSUS]addRawPrepare,height=35,reqIdx=2,hash=92e5dfcc...
info|2019-12-13 09:57:10.464557|[g:1][CONSENSUS][PBFT]checkTimeout Succ,view=0,toView=1,nodeIdx=3,changeCycle=0,myNode=fa0e0a8e...,timecost=0.179
info|2019-12-13 09:57:10.481165|[g:1][CONSENSUS][PBFT]checkAndChangeView: Reach consensus,org_view=0,org_changeCycle=0,cur_changeCycle=0,to_view=1
info|2019-12-13 09:57:11.481661|[g:1][CONSENSUS][SEALER]++++++++++++++++ Generating seal on,blkNum=35,tx=0,nodeIdx=3,hash=b998a36b...
info|2019-12-13 09:57:11.498890|[g:1][CONSENSUS][PBFT]checkTimeout Succ,view=1,toView=2,nodeIdx=3,changeCycle=0,myNode=fa0e0a8e...,timecost=0.204
info|2019-12-13 09:57:11.501207|[g:1][CONSENSUS][PBFT]checkAndChangeView: Reach consensus,org_view=1,org_changeCycle=0,cur_changeCycle=0,to_view=2
info|2019-12-13 09:57:12.498865|[g:1][CONSENSUS]addRawPrepare,height=35,reqIdx=0,hash=ce444945...
info|2019-12-13 09:57:12.499081|[g:1][CONSENSUS][PBFT]checkTimeout Succ,view=2,toView=3,nodeIdx=3,changeCycle=0,myNode=fa0e0a8e...,timecost=0.192
info|2019-12-13 09:57:12.504693|[g:1][CONSENSUS][PBFT]checkAndChangeView: Reach consensus,org_view=2,org_changeCycle=0,cur_changeCycle=0,to_view=3
info|2019-12-13 09:57:13.502574|[g:1][CONSENSUS]addRawPrepare,height=35,reqIdx=1,hash=ad9eb9dd...
info|2019-12-13 09:57:13.502916|[g:1][CONSENSUS][PBFT]checkTimeout Succ,view=3,toView=4,nodeIdx=3,changeCycle=0,myNode=fa0e0a8e...,timecost=0.259
info|2019-12-13 09:57:13.508857|[g:1][CONSENSUS][PBFT]checkAndChangeView: Reach consensus,org_view=3,org_changeCycle=0,cur_changeCycle=0,to_view=4
info|2019-12-13 09:57:14.517700|[g:1][CONSENSUS]addRawPrepare,height=35,reqIdx=2,hash=63074386...
info|2019-12-13 09:57:14.517993|[g:1][CONSENSUS][PBFT]checkTimeout Succ,view=4,toView=5,nodeIdx=3,changeCycle=0,myNode=fa0e0a8e...,timecost=0.21
info|2019-12-13 09:57:14.527283|[g:1][CONSENSUS][PBFT]checkAndChangeView: Reach consensus,org_view=4,org_changeCycle=0,cur_changeCycle=0,to_view=5
info|2019-12-13 09:57:15.527640|[g:1][CONSENSUS][SEALER]++++++++++++++++ Generating seal on,blkNum=35,tx=0,nodeIdx=3,hash=a7d64bf1...
info|2019-12-13 09:57:15.541203|[g:1][CONSENSUS][PBFT]checkTimeout Succ,view=5,toView=6,nodeIdx=3,changeCycle=0,myNode=fa0e0a8e...,timecost=0.22
info|2019-12-13 09:57:15.542032|[g:1][CONSENSUS][PBFT]checkAndChangeView: Reach consensus,org_view=5,org_changeCycle=0,cur_changeCycle=0,to_view=6
info|2019-12-13 09:57:16.547403|[g:1][CONSENSUS]addRawPrepare,height=35,reqIdx=0,hash=219d4749...
info|2019-12-13 09:57:16.547647|[g:1][CONSENSUS][PBFT]checkTimeout Succ,view=6,toView=7,nodeIdx=3,changeCycle=0,myNode=fa0e0a8e...,timecost=0.22
info|2019-12-13 09:57:16.552095|[g:1][CONSENSUS][PBFT]checkAndChangeView: Reach consensus,org_view=6,org_changeCycle=0,cur_changeCycle=0,to_view=7
info|2019-12-13 09:57:17.555643|[g:1][CONSENSUS]addRawPrepare,height=35,reqIdx=1,hash=30911f25...
info|2019-12-13 09:57:17.555997|[g:1][CONSENSUS][PBFT]checkTimeout Succ,view=7,toView=8,nodeIdx=3,changeCycle=0,myNode=fa0e0a8e...,timecost=0.292
info|2019-12-13 09:57:17.572468|[g:1][CONSENSUS][PBFT]checkAndChangeView: Reach consensus,org_view=7,org_changeCycle=0,cur_changeCycle=0,to_view=8
info|2019-12-13 09:57:18.567104|[g:1][CONSENSUS]addRawPrepare,height=35,reqIdx=2,hash=5fb8d89a...
info|2019-12-13 09:57:18.579680|[g:1][CONSENSUS][PBFT]checkTimeout Succ,view=8,toView=9,nodeIdx=3,changeCycle=0,myNode=fa0e0a8e...,timecost=12.515
info|2019-12-13 09:57:18.584504|[g:1][CONSENSUS][PBFT]checkAndChangeView: Reach consensus,org_view=8,org_changeCycle=0,cur_changeCycle=0,to_view=9
info|2019-12-13 09:57:19.041868|[NETWORK][Host]Connecting to node,endpoint=127.0.0.1:30300
info|2019-12-13 09:57:19.041909|[NETWORK][Host]Connecting to node,endpoint=127.0.0.1:30302
info|2019-12-13 09:57:19.041929|[P2P][Service] heartBeat,connected count=3
info|2019-12-13 09:57:19.042142|[NETWORK][ASIO]asyncResolveConnect,endpoint=127.0.0.1:30300
info|2019-12-13 09:57:19.042172|[NETWORK][ASIO]asyncResolveConnect,endpoint=127.0.0.1:30302
info|2019-12-13 09:57:19.095772|[NETWORK][Host]startPeerSession, From=127.0.0.1:30300,nodeID=84f7f9bc...
info|2019-12-13 09:57:19.096370|[NETWORK][Host]startPeerSession, From=127.0.0.1:30302,nodeID=1e2232da...
info|2019-12-13 09:57:19.361836|[NETWORK][Session]Received topic: [1] from 84f7f9bc15162db32794a6c6464e88f1ff533cdefab8e49a456b7ead1bead0eb792a18dd55ac8aaac81461e82fd4c53926e196dc599db8dd189217236f87ef4b
info|2019-12-13 09:57:19.585149|[g:1][CONSENSUS][SEALER]++++++++++++++++ Generating seal on,blkNum=35,tx=0,nodeIdx=3,hash=23763a65...
info|2019-12-13 09:57:19.595975|[g:1][CONSENSUS][PBFT]checkTimeout Succ,view=9,toView=10,nodeIdx=3,changeCycle=0,myNode=fa0e0a8e...,timecost=0.193
info|2019-12-13 09:57:19.597172|[g:1][CONSENSUS][PBFT]checkAndChangeView: Reach consensus,org_view=9,org_changeCycle=0,cur_changeCycle=0,to_view=10
info|2019-12-13 09:57:20.599460|[g:1][CONSENSUS]addRawPrepare,height=35,reqIdx=0,hash=9a8e16fc...
info|2019-12-13 09:57:20.599683|[g:1][CONSENSUS][PBFT]checkTimeout Succ,view=10,toView=11,nodeIdx=3,changeCycle=0,myNode=fa0e0a8e...,timecost=0.195
info|2019-12-13 09:57:20.606723|[g:1][CONSENSUS][PBFT]checkAndChangeView: Reach consensus,org_view=10,org_changeCycle=0,cur_changeCycle=0,to_view=11
info|2019-12-13 09:57:21.607625|[g:1][CONSENSUS]addRawPrepare,height=35,reqIdx=1,hash=9dbef44f...
info|2019-12-13 09:57:21.607899|[g:1][CONSENSUS][PBFT]checkTimeout Succ,view=11,toView=12,nodeIdx=3,changeCycle=0,myNode=fa0e0a8e...,timecost=0.185
info|2019-12-13 09:57:21.618306|[g:1][CONSENSUS][PBFT]checkAndChangeView: Reach consensus,org_view=11,org_changeCycle=0,cur_changeCycle=0,to_view=12
info|2019-12-13 09:57:22.619759|[g:1][CONSENSUS]addRawPrepare,height=35,reqIdx=2,hash=960710ba...
info|2019-12-13 09:57:22.620043|[g:1][CONSENSUS][PBFT]checkTimeout Succ,view=12,toView=13,nodeIdx=3,changeCycle=0,myNode=fa0e0a8e...,timecost=0.224
info|2019-12-13 09:57:22.622967|[g:1][CONSENSUS][PBFT]checkAndChangeView: Reach consensus,org_view=12,org_changeCycle=0,cur_changeCycle=0,to_view=13
info|2019-12-13 09:57:23.627531|[g:1][CONSENSUS][SEALER]++++++++++++++++ Generating seal on,blkNum=35,tx=0,nodeIdx=3,hash=f5f5c38c...
info|2019-12-13 09:57:23.637604|[g:1][CONSENSUS][PBFT]checkTimeout Succ,view=13,toView=14,nodeIdx=3,changeCycle=0,myNode=fa0e0a8e...,timecost=0.196
info|2019-12-13 09:57:23.638469|[g:1][CONSENSUS][PBFT]checkAndChangeView: Reach consensus,org_view=13,org_changeCycle=0,cur_changeCycle=0,to_view=14
info|2019-12-13 09:57:24.361167|[NETWORK][Session]Received topic: [2] from 84f7f9bc15162db32794a6c6464e88f1ff533cdefab8e49a456b7ead1bead0eb792a18dd55ac8aaac81461e82fd4c53926e196dc599db8dd189217236f87ef4b
info|2019-12-13 09:57:24.641114|[g:1][CONSENSUS]addRawPrepare,height=35,reqIdx=0,hash=09bda83c...
info|2019-12-13 09:57:24.641349|[g:1][CONSENSUS][PBFT]checkTimeout Succ,view=14,toView=15,nodeIdx=3,changeCycle=0,myNode=fa0e0a8e...,timecost=0.21
info|2019-12-13 09:57:24.646640|[g:1][CONSENSUS][PBFT]checkAndChangeView: Reach consensus,org_view=14,org_changeCycle=0,cur_changeCycle=0,to_view=15
info|2019-12-13 09:57:25.649592|[g:1][CONSENSUS]addRawPrepare,height=35,reqIdx=1,hash=c6abfc9b...
info|2019-12-13 09:57:25.649831|[g:1][CONSENSUS][PBFT]checkTimeout Succ,view=15,toView=16,nodeIdx=3,changeCycle=0,myNode=fa0e0a8e...,timecost=0.175
info|2019-12-13 09:57:25.657333|[g:1][CONSENSUS][PBFT]checkAndChangeView: Reach consensus,org_view=15,org_changeCycle=0,cur_changeCycle=0,to_view=16
info|2019-12-13 09:57:26.663887|[g:1][CONSENSUS]addRawPrepare,height=35,reqIdx=2,hash=5d829821...
info|2019-12-13 09:57:26.664126|[g:1][CONSENSUS][PBFT]checkTimeout Succ,view=16,toView=17,nodeIdx=3,changeCycle=0,myNode=fa0e0a8e...,timecost=0.179
info|2019-12-13 09:57:26.675103|[g:1][CONSENSUS][PBFT]checkAndChangeView: Reach consensus,org_view=16,org_changeCycle=0,cur_changeCycle=0,to_view=17
info|2019-12-13 09:57:27.675824|[g:1][CONSENSUS][SEALER]++++++++++++++++ Generating seal on,blkNum=35,tx=0,nodeIdx=3,hash=6e7bd136...
info|2019-12-13 09:57:27.691748|[g:1][CONSENSUS][PBFT]checkTimeout Succ,view=17,toView=18,nodeIdx=3,changeCycle=0,myNode=fa0e0a8e...,timecost=0.234
info|2019-12-13 09:57:27.694718|[g:1][CONSENSUS][PBFT]checkAndChangeView: Reach consensus,org_view=17,org_changeCycle=0,cur_changeCycle=0,to_view=18
info|2019-12-13 09:57:28.689601|[g:1][CONSENSUS]addRawPrepare,height=35,reqIdx=0,hash=4a341253...
info|2019-12-13 09:57:28.689807|[g:1][CONSENSUS][PBFT]checkTimeout Succ,view=18,toView=19,nodeIdx=3,changeCycle=0,myNode=fa0e0a8e...,timecost=0.184
info|2019-12-13 09:57:28.694828|[g:1][CONSENSUS][PBFT]checkAndChangeView: Reach consensus,org_view=18,org_changeCycle=0,cur_changeCycle=0,to_view=19
info|2019-12-13 09:57:29.041990|[P2P][Service] heartBeat,connected count=3
info|2019-12-13 09:57:29.693809|[g:1][CONSENSUS]addRawPrepare,height=35,reqIdx=1,hash=a469fec6...
info|2019-12-13 09:57:29.695998|[g:1][CONSENSUS][PBFT]checkTimeout Succ,view=19,toView=20,nodeIdx=3,changeCycle=0,myNode=fa0e0a8e...,timecost=0.263
info|2019-12-13 09:57:29.704227|[g:1][CONSENSUS][PBFT]checkAndChangeView: Reach consensus,org_view=19,org_changeCycle=0,cur_changeCycle=0,to_view=20
info|2019-12-13 09:57:30.701683|[g:1][CONSENSUS]addRawPrepare,height=35,reqIdx=2,hash=97fc91b5...
info|2019-12-13 09:57:30.701924|[g:1][CONSENSUS][PBFT]checkTimeout Succ,view=20,toView=21,nodeIdx=3,changeCycle=0,myNode=fa0e0a8e...,timecost=0.178
info|2019-12-13 09:57:30.704864|[g:1][CONSENSUS][PBFT]checkAndChangeView: Reach consensus,org_view=20,org_changeCycle=0,cur_changeCycle=0,to_view=21
info|2019-12-13 09:57:31.709216|[g:1][CONSENSUS][SEALER]++++++++++++++++ Generating seal on,blkNum=35,tx=0,nodeIdx=3,hash=83555234...
info|2019-12-13 09:57:31.722457|[g:1][CONSENSUS][PBFT]checkTimeout Succ,view=21,toView=22,nodeIdx=3,changeCycle=0,myNode=fa0e0a8e...,timecost=0.245
info|2019-12-13 09:57:31.723494|[g:1][CONSENSUS][PBFT]checkAndChangeView: Reach consensus,org_view=21,org_changeCycle=0,cur_changeCycle=0,to_view=22
info|2019-12-13 09:57:32.716404|[g:1][CONSENSUS]addRawPrepare,height=35,reqIdx=0,hash=2a39bb69...
info|2019-12-13 09:57:32.716609|[g:1][CONSENSUS][PBFT]checkTimeout Succ,view=22,toView=23,nodeIdx=3,changeCycle=0,myNode=fa0e0a8e...,timecost=0.181
info|2019-12-13 09:57:32.721438|[g:1][CONSENSUS][PBFT]checkAndChangeView: Reach consensus,org_view=22,org_changeCycle=0,cur_changeCycle=0,to_view=23
info|2019-12-13 09:57:33.725498|[g:1][CONSENSUS]addRawPrepare,height=35,reqIdx=1,hash=0cc4637c...
info|2019-12-13 09:57:33.725768|[g:1][CONSENSUS][PBFT]checkTimeout Succ,view=23,toView=24,nodeIdx=3,changeCycle=0,myNode=fa0e0a8e...,timecost=0.209
info|2019-12-13 09:57:33.732029|[g:1][CONSENSUS][PBFT]checkAndChangeView: Reach consensus,org_view=23,org_changeCycle=0,cur_changeCycle=0,to_view=24
info|2019-12-13 09:57:34.733575|[g:1][CONSENSUS]addRawPrepare,height=35,reqIdx=2,hash=92b0b3ee...
info|2019-12-13 09:57:34.733817|[g:1][CONSENSUS][PBFT]checkTimeout Succ,view=24,toView=25,nodeIdx=3,changeCycle=0,myNode=fa0e0a8e...,timecost=0.176
info|2019-12-13 09:57:34.741767|[g:1][CONSENSUS][PBFT]checkAndChangeView: Reach consensus,org_view=24,org_changeCycle=0,cur_changeCycle=0,to_view=25
info|2019-12-13 09:57:35.743176|[g:1][CONSENSUS][SEALER]++++++++++++++++ Generating seal on,blkNum=35,tx=0,nodeIdx=3,hash=21a0e71f...
info|2019-12-13 09:57:35.758538|[g:1][CONSENSUS][PBFT]checkTimeout Succ,view=25,toView=26,nodeIdx=3,changeCycle=0,myNode=fa0e0a8e...,timecost=0.191
info|2019-12-13 09:57:35.759414|[g:1][CONSENSUS][PBFT]checkAndChangeView: Reach consensus,org_view=25,org_changeCycle=0,cur_changeCycle=0,to_view=26
info|2019-12-13 09:57:36.760059|[g:1][CONSENSUS]addRawPrepare,height=35,reqIdx=0,hash=56210904...
info|2019-12-13 09:57:36.760275|[g:1][CONSENSUS][PBFT]checkTimeout Succ,view=26,toView=27,nodeIdx=3,changeCycle=0,myNode=fa0e0a8e...,timecost=0.189
info|2019-12-13 09:57:36.764256|[g:1][CONSENSUS][PBFT]checkAndChangeView: Reach consensus,org_view=26,org_changeCycle=0,cur_changeCycle=0,to_view=27
info|2019-12-13 09:57:37.771292|[g:1][CONSENSUS]addRawPrepare,height=35,reqIdx=1,hash=15dd54c7...
info|2019-12-13 09:57:37.771527|[g:1][CONSENSUS][PBFT]checkTimeout Succ,view=27,toView=28,nodeIdx=3,changeCycle=0,myNode=fa0e0a8e...,timecost=0.175
info|2019-12-13 09:57:37.781134|[g:1][CONSENSUS][PBFT]checkAndChangeView: Reach consensus,org_view=27,org_changeCycle=0,cur_changeCycle=0,to_view=28
info|2019-12-13 09:57:38.783776|[g:1][CONSENSUS]addRawPrepare,height=35,reqIdx=2,hash=28a0f0c4...
info|2019-12-13 09:57:38.784031|[g:1][CONSENSUS][PBFT]checkTimeout Succ,view=28,toView=29,nodeIdx=3,changeCycle=0,myNode=fa0e0a8e...,timecost=0.177
info|2019-12-13 09:57:38.790307|[g:1][CONSENSUS][PBFT]checkAndChangeView: Reach consensus,org_view=28,org_changeCycle=0,cur_changeCycle=0,to_view=29
info|2019-12-13 09:57:39.042980|[P2P][Service] heartBeat,connected count=3
info|2019-12-13 09:57:39.796882|[g:1][CONSENSUS][SEALER]++++++++++++++++ Generating seal on,blkNum=35,tx=0,nodeIdx=3,hash=c1a92e9f...
info|2019-12-13 09:57:39.812033|[g:1][CONSENSUS][PBFT]checkTimeout Succ,view=29,toView=30,nodeIdx=3,changeCycle=0,myNode=fa0e0a8e...,timecost=0.222
info|2019-12-13 09:57:39.817588|[g:1][CONSENSUS][PBFT]checkAndChangeView: Reach consensus,org_view=29,org_changeCycle=0,cur_changeCycle=0,to_view=30
info|2019-12-13 09:57:40.813590|[g:1][CONSENSUS]addRawPrepare,height=35,reqIdx=0,hash=6ba6c603...
info|2019-12-13 09:57:40.813805|[g:1][CONSENSUS][PBFT]checkTimeout Succ,view=30,toView=31,nodeIdx=3,changeCycle=0,myNode=fa0e0a8e...,timecost=0.189
info|2019-12-13 09:57:40.817608|[g:1][CONSENSUS][PBFT]checkAndChangeView: Reach consensus,org_view=30,org_changeCycle=0,cur_changeCycle=0,to_view=31
info|2019-12-13 09:57:41.826391|[g:1][CONSENSUS]addRawPrepare,height=35,reqIdx=1,hash=2a931561...
info|2019-12-13 09:57:41.826626|[g:1][CONSENSUS][PBFT]checkTimeout Succ,view=31,toView=32,nodeIdx=3,changeCycle=0,myNode=fa0e0a8e...,timecost=0.175
info|2019-12-13 09:57:41.834060|[g:1][CONSENSUS][PBFT]checkAndChangeView: Reach consensus,org_view=31,org_changeCycle=0,cur_changeCycle=0,to_view=32
info|2019-12-13 09:57:42.839592|[g:1][CONSENSUS]addRawPrepare,height=35,reqIdx=2,hash=94dad3ba...
info|2019-12-13 09:57:42.839828|[g:1][CONSENSUS][PBFT]checkTimeout Succ,view=32,toView=33,nodeIdx=3,changeCycle=0,myNode=fa0e0a8e...,timecost=0.174
info|2019-12-13 09:57:42.845628|[g:1][CONSENSUS][PBFT]checkAndChangeView: Reach consensus,org_view=32,org_changeCycle=0,cur_changeCycle=0,to_view=33
info|2019-12-13 09:57:43.447266|[g:1][CONSENSUS][SEALER]++++++++++++++++ Generating seal on,blkNum=35,tx=1,nodeIdx=3,hash=8ba2d253...
info|2019-12-13 09:57:43.476537|[g:1][CONSENSUS]addRawPrepare,height=35,reqIdx=3,hash=8ba2d253...
info|2019-12-13 09:57:43.478715|[g:1][BLOCKVERIFIER][executeBlock]Executing block,txNum=1,num=35,parentHash=af8086f33bba2d05667d3b32f2680d772aeb3b49d319f48e1f97cd1b12a5a872,parentNum=34,parentStateRoot=c705e6e10c2e63c3f1b39ea4e797839851680e07a6959a740b85cfbca4fcd72d
info|2019-12-13 09:57:43.479685|[g:1][CONSENSUS][PBFT]execBlock,blkNum=35,reqIdx=3,hash=f35a4041...,nodeIdx=3,myNode=fa0e0a8e...,decodeCost=0,checkCost=0,notifyCost=0,noteSealingCost=0,currentCycle=0,verifyAndSetSenderCost=0,execCost=1,execPerTx=1,totalCost=1
info|2019-12-13 09:57:43.504021|[g:1][CONSENSUS][PBFT]handlePrepareMsg Succ,Timecost=27.698,INFO=handlePrepareMsg,reqIdx=3,view=33,reqNum=35,curNum=34,consNum=35,fromIp=self,hash=8ba2d253...,nodeIdx=3,myNode=fa0e0a8e...,curChangeCycle=0
info|2019-12-13 09:57:43.504048|[g:1][CONSENSUS][PBFT]generateLocalPrepare,hash=8ba2d253...,H=35,nodeIdx=3,myNode=fa0e0a8e...
info|2019-12-13 09:57:43.505514|[g:1][CONSENSUS][PBFT]handleSignMsg Succ,Timecost=1.391,INFO=handleSignMsg,num=35,curNum=34,GenIdx=2,Sview=33,view=33,fromIdx=2,fromNode=84f7f9bc...,fromIp=127.0.0.1:54562,hash=f35a4041...,nodeIdx=3,myNode=fa0e0a8e...
info|2019-12-13 09:57:43.505810|[g:1][CONSENSUS][PBFT]checkAndCommit: backup/updateCommittedPrepare,reqNum=35,hash=8ba2d253...,nodeIdx=3,myNode=fa0e0a8e...
info|2019-12-13 09:57:43.506049|[g:1][CONSENSUS][PBFT]handleSignMsg Succ,Timecost=0.45,INFO=handleSignMsg,num=35,curNum=34,GenIdx=1,Sview=33,view=33,fromIdx=2,fromNode=84f7f9bc...,fromIp=127.0.0.1:54562,hash=f35a4041...,nodeIdx=3,myNode=fa0e0a8e...
info|2019-12-13 09:57:43.506284|[g:1][CONSENSUS][PBFT]handleSignMsg Succ,Timecost=0.225,INFO=handleSignMsg,num=35,curNum=34,GenIdx=0,Sview=33,view=33,fromIdx=0,fromNode=1dad4560...,fromIp=127.0.0.1:54548,hash=f35a4041...,nodeIdx=3,myNode=fa0e0a8e...
info|2019-12-13 09:57:43.506534|[g:1][CONSENSUS][PBFT]handleCommitMsg Succ,INFO=handleCommitMsg,reqNum=35,curNum=34,GenIdx=2,Cview=33,view=33,fromIdx=2,fromNode=84f7f9bc...,fromIp=127.0.0.1:54562,hash=f35a4041...,nodeIdx=3,myNode=fa0e0a8e...,Timecost=0.21
info|2019-12-13 09:57:43.506785|[g:1][CONSENSUS][PBFT]checkAndSave: CommitReq enough,prepareHeight=35,commitSize=3,hash=f35a4041...,nodeIdx=3,myNode=fa0e0a8e...
info|2019-12-13 09:57:43.507187|[g:1][g:1][STORAGE][CachedStorage]CachedStorage commit: 8 hash: f35a4041abd7d42f00f66c5a9b1055ce8ef6aebab1cc3f94f800ceb30a801669 num: 35
info|2019-12-13 09:57:43.507370|[STORAGE]Start commit block: 35 to backend storage
info|2019-12-13 09:57:43.507879|[STORAGE][g:1]
---------------------------------------------------------------------
Commit block: 35 to backend storage finished, current cached block: 35
Flush elapsed time: 0.0005s
---------------------------------------------------------------------

info|2019-12-13 09:57:43.511634|[g:1][STORAGE]Submited block task: 35, current syncd block: 35
info|2019-12-13 09:57:43.511928|[g:1]Push block notify: 1-35
info|2019-12-13 09:57:43.512050|[g:1][CONSENSUS][PBFT]CommitBlock Succ,prepareHeight=35,reqIdx=3,hash=f35a4041...,nodeIdx=3,myNode=fa0e0a8e...,genSigTimeCost=0,commitBlockTimeCost=5,dropTxsTimeCost=0,noteSealingTimeCost=1,totalTimeCost=6
info|2019-12-13 09:57:43.512076|[g:1][CONSENSUS][PBFT]handleCommitMsg Succ,INFO=handleCommitMsg,reqNum=35,curNum=34,GenIdx=1,Cview=33,view=33,fromIdx=2,fromNode=84f7f9bc...,fromIp=127.0.0.1:54562,hash=f35a4041...,nodeIdx=3,myNode=fa0e0a8e...,Timecost=5.495
info|2019-12-13 09:57:43.512339|[g:1][CONSENSUS][PBFT]checkReq: Recv future request,prepHash=00000000...,INFO=handleSignMsg,num=35,curNum=34,GenIdx=2,Sview=33,view=33,fromIdx=1,fromNode=1e2232da...,fromIp=127.0.0.1:54570,hash=f35a4041...,nodeIdx=3,myNode=fa0e0a8e...
info|2019-12-13 09:57:43.512395|[g:1][CONSENSUS][PBFT]FutureBlock,INFO=handleSignMsg,num=35,curNum=34,GenIdx=2,Sview=33,view=33,fromIdx=1,fromNode=1e2232da...,fromIp=127.0.0.1:54570,hash=f35a4041...,nodeIdx=3,myNode=fa0e0a8e...
info|2019-12-13 09:57:43.512618|[g:1][CONSENSUS][PBFT]checkReq: Recv future request,prepHash=00000000...,INFO=handleCommitMsg,reqNum=35,curNum=34,GenIdx=1,Cview=33,view=33,fromIdx=1,fromNode=1e2232da...,fromIp=127.0.0.1:54570,hash=f35a4041...,nodeIdx=3,myNode=fa0e0a8e...
info|2019-12-13 09:57:43.512968|[g:1][CONSENSUS][PBFT]checkReq: Recv future request,prepHash=00000000...,INFO=handleSignMsg,num=35,curNum=34,GenIdx=0,Sview=33,view=33,fromIdx=1,fromNode=1e2232da...,fromIp=127.0.0.1:54570,hash=f35a4041...,nodeIdx=3,myNode=fa0e0a8e...
info|2019-12-13 09:57:43.513305|[g:1][CONSENSUS][PBFT]FutureBlock,INFO=handleSignMsg,num=35,curNum=34,GenIdx=0,Sview=33,view=33,fromIdx=1,fromNode=1e2232da...,fromIp=127.0.0.1:54570,hash=f35a4041...,nodeIdx=3,myNode=fa0e0a8e...
info|2019-12-13 09:57:43.513532|[g:1][CONSENSUS][PBFT]checkReq: Recv future request,prepHash=00000000...,INFO=handleCommitMsg,reqNum=35,curNum=34,GenIdx=2,Cview=33,view=33,fromIdx=1,fromNode=1e2232da...,fromIp=127.0.0.1:54570,hash=f35a4041...,nodeIdx=3,myNode=fa0e0a8e...
info|2019-12-13 09:57:43.513792|[g:1][CONSENSUS][PBFT]checkReq: Recv future request,prepHash=00000000...,INFO=handleCommitMsg,reqNum=35,curNum=34,GenIdx=0,Cview=33,view=33,fromIdx=2,fromNode=84f7f9bc...,fromIp=127.0.0.1:54562,hash=f35a4041...,nodeIdx=3,myNode=fa0e0a8e...
info|2019-12-13 09:57:43.514023|[g:1][CONSENSUS][PBFT]checkReq: Recv future request,prepHash=00000000...,INFO=handleSignMsg,num=35,curNum=34,GenIdx=1,Sview=33,view=33,fromIdx=1,fromNode=1e2232da...,fromIp=127.0.0.1:54570,hash=f35a4041...,nodeIdx=3,myNode=fa0e0a8e...
info|2019-12-13 09:57:43.516974|[g:1][CONSENSUS][PBFT]checkReq: Recv future request,prepHash=00000000...,INFO=handleSignMsg,num=35,curNum=34,GenIdx=1,Sview=33,view=33,fromIdx=0,fromNode=1dad4560...,fromIp=127.0.0.1:54548,hash=f35a4041...,nodeIdx=3,myNode=fa0e0a8e...
info|2019-12-13 09:57:43.517079|[g:1][CONSENSUS][SEALER]increase maxNoTimeoutTx,maxNoTimeoutTx=1
info|2019-12-13 09:57:43.517103|[g:1][CONSENSUS][PBFT]^^^^^^^^Report,num=35,sealerIdx=3,hash=f35a4041...,next=36,tx=1,nodeIdx=3
info|2019-12-13 09:57:44.361561|[NETWORK][Session]Received topic: [3] from 84f7f9bc15162db32794a6c6464e88f1ff533cdefab8e49a456b7ead1bead0eb792a18dd55ac8aaac81461e82fd4c53926e196dc599db8dd189217236f87ef4b
info|2019-12-13 09:57:44.518898|[g:1][CONSENSUS][SEALER]++++++++++++++++ Generating seal on,blkNum=36,tx=0,nodeIdx=3,hash=2eeee4a8...
info|2019-12-13 09:57:44.528329|[g:1][CONSENSUS][PBFT]checkTimeout Succ,view=0,toView=1,nodeIdx=3,changeCycle=0,myNode=fa0e0a8e...,timecost=0.189
info|2019-12-13 09:57:44.531599|[g:1][CONSENSUS][PBFT]checkAndChangeView: Reach consensus,org_view=0,org_changeCycle=0,cur_changeCycle=0,to_view=1
info|2019-12-13 09:57:45.529087|[g:1][CONSENSUS]addRawPrepare,height=36,reqIdx=0,hash=c7c4ba81...
info|2019-12-13 09:57:45.529385|[g:1][CONSENSUS][PBFT]checkTimeout Succ,view=1,toView=2,nodeIdx=3,changeCycle=0,myNode=fa0e0a8e...,timecost=0.234
info|2019-12-13 09:57:45.537535|[g:1][CONSENSUS][PBFT]checkAndChangeView: Reach consensus,org_view=1,org_changeCycle=0,cur_changeCycle=0,to_view=2
info|2019-12-13 09:57:46.536788|[g:1][CONSENSUS]addRawPrepare,height=36,reqIdx=1,hash=cb9205de...
info|2019-12-13 09:57:46.537037|[g:1][CONSENSUS][PBFT]checkTimeout Succ,view=2,toView=3,nodeIdx=3,changeCycle=0,myNode=fa0e0a8e...,timecost=0.181
info|2019-12-13 09:57:46.549224|[g:1][CONSENSUS][PBFT]checkAndChangeView: Reach consensus,org_view=2,org_changeCycle=0,cur_changeCycle=0,to_view=3
info|2019-12-13 09:57:47.549695|[g:1][CONSENSUS]addRawPrepare,height=36,reqIdx=2,hash=1f850205...
info|2019-12-13 09:57:47.549935|[g:1][CONSENSUS][PBFT]checkTimeout Succ,view=3,toView=4,nodeIdx=3,changeCycle=0,myNode=fa0e0a8e...,timecost=0.179
info|2019-12-13 09:57:47.554754|[g:1][CONSENSUS][PBFT]checkAndChangeView: Reach consensus,org_view=3,org_changeCycle=0,cur_changeCycle=0,to_view=4
info|2019-12-13 09:57:48.557361|[g:1][CONSENSUS][SEALER]++++++++++++++++ Generating seal on,blkNum=36,tx=0,nodeIdx=3,hash=a3ab677f...
info|2019-12-13 09:57:48.564163|[g:1][CONSENSUS][PBFT]checkTimeout Succ,view=4,toView=5,nodeIdx=3,changeCycle=0,myNode=fa0e0a8e...,timecost=0.276
info|2019-12-13 09:57:48.567698|[g:1][CONSENSUS][PBFT]checkAndChangeView: Reach consensus,org_view=4,org_changeCycle=0,cur_changeCycle=0,to_view=5
info|2019-12-13 09:57:49.043312|[P2P][Service] heartBeat,connected count=3
info|2019-12-13 09:57:49.603391|[g:1][CONSENSUS]addRawPrepare,height=36,reqIdx=0,hash=f9796644...
info|2019-12-13 09:57:49.603633|[g:1][CONSENSUS][PBFT]checkTimeout Succ,view=5,toView=6,nodeIdx=3,changeCycle=0,myNode=fa0e0a8e...,timecost=0.192
info|2019-12-13 09:57:49.610455|[g:1][CONSENSUS][PBFT]checkAndChangeView: Reach consensus,org_view=5,org_changeCycle=0,cur_changeCycle=0,to_view=6
info|2019-12-13 09:57:50.613566|[g:1][CONSENSUS]addRawPrepare,height=36,reqIdx=1,hash=b3d5052e...
info|2019-12-13 09:57:50.613804|[g:1][CONSENSUS][PBFT]checkTimeout Succ,view=6,toView=7,nodeIdx=3,changeCycle=0,myNode=fa0e0a8e...,timecost=0.175
info|2019-12-13 09:57:50.620096|[g:1][CONSENSUS][PBFT]checkAndChangeView: Reach consensus,org_view=6,org_changeCycle=0,cur_changeCycle=0,to_view=7
info|2019-12-13 09:57:51.623369|[g:1][CONSENSUS]addRawPrepare,height=36,reqIdx=2,hash=891bd41c...
info|2019-12-13 09:57:51.623707|[g:1][CONSENSUS][PBFT]checkTimeout Succ,view=7,toView=8,nodeIdx=3,changeCycle=0,myNode=fa0e0a8e...,timecost=0.246
info|2019-12-13 09:57:51.634995|[g:1][CONSENSUS][PBFT]checkAndChangeView: Reach consensus,org_view=7,org_changeCycle=0,cur_changeCycle=0,to_view=8
info|2019-12-13 09:57:52.636831|[g:1][CONSENSUS][SEALER]++++++++++++++++ Generating seal on,blkNum=36,tx=0,nodeIdx=3,hash=c9be2f24...
info|2019-12-13 09:57:52.652788|[g:1][CONSENSUS][PBFT]checkTimeout Succ,view=8,toView=9,nodeIdx=3,changeCycle=0,myNode=fa0e0a8e...,timecost=0.194
info|2019-12-13 09:57:52.653686|[g:1][CONSENSUS][PBFT]checkAndChangeView: Reach consensus,org_view=8,org_changeCycle=0,cur_changeCycle=0,to_view=9
info|2019-12-13 09:57:53.652826|[g:1][CONSENSUS]addRawPrepare,height=36,reqIdx=0,hash=b6db336a...
info|2019-12-13 09:57:53.653064|[g:1][CONSENSUS][PBFT]checkTimeout Succ,view=9,toView=10,nodeIdx=3,changeCycle=0,myNode=fa0e0a8e...,timecost=0.177
info|2019-12-13 09:57:53.657225|[g:1][CONSENSUS][PBFT]checkAndChangeView: Reach consensus,org_view=9,org_changeCycle=0,cur_changeCycle=0,to_view=10
info|2019-12-13 09:57:54.658144|[g:1][CONSENSUS]addRawPrepare,height=36,reqIdx=1,hash=355c2aa1...
info|2019-12-13 09:57:54.658381|[g:1][CONSENSUS][PBFT]checkTimeout Succ,view=10,toView=11,nodeIdx=3,changeCycle=0,myNode=fa0e0a8e...,timecost=0.177
info|2019-12-13 09:57:54.661253|[g:1][CONSENSUS][PBFT]checkAndChangeView: Reach consensus,org_view=10,org_changeCycle=0,cur_changeCycle=0,to_view=11
info|2019-12-13 09:57:55.669565|[g:1][CONSENSUS]addRawPrepare,height=36,reqIdx=2,hash=3f00a6e7...
info|2019-12-13 09:57:55.669851|[g:1][CONSENSUS][PBFT]checkTimeout Succ,view=11,toView=12,nodeIdx=3,changeCycle=0,myNode=fa0e0a8e...,timecost=0.221
info|2019-12-13 09:57:55.678554|[g:1][CONSENSUS][PBFT]checkAndChangeView: Reach consensus,org_view=11,org_changeCycle=0,cur_changeCycle=0,to_view=12
info|2019-12-13 09:57:56.679829|[g:1][CONSENSUS][SEALER]++++++++++++++++ Generating seal on,blkNum=36,tx=0,nodeIdx=3,hash=3a15b7ca...
info|2019-12-13 09:57:56.692248|[g:1][CONSENSUS][PBFT]checkTimeout Succ,view=12,toView=13,nodeIdx=3,changeCycle=0,myNode=fa0e0a8e...,timecost=0.223
info|2019-12-13 09:57:56.694282|[g:1][CONSENSUS][PBFT]checkAndChangeView: Reach consensus,org_view=12,org_changeCycle=0,cur_changeCycle=0,to_view=13
info|2019-12-13 09:57:57.688218|[g:1][CONSENSUS]addRawPrepare,height=36,reqIdx=0,hash=fa8d2f52...
info|2019-12-13 09:57:57.688424|[g:1][CONSENSUS][PBFT]checkTimeout Succ,view=13,toView=14,nodeIdx=3,changeCycle=0,myNode=fa0e0a8e...,timecost=0.182
info|2019-12-13 09:57:57.690196|[g:1][CONSENSUS][PBFT]checkAndChangeView: Reach consensus,org_view=13,org_changeCycle=0,cur_changeCycle=0,to_view=14
info|2019-12-13 09:57:58.695851|[g:1][CONSENSUS]addRawPrepare,height=36,reqIdx=1,hash=884ba9e9...
info|2019-12-13 09:57:58.696094|[g:1][CONSENSUS][PBFT]checkTimeout Succ,view=14,toView=15,nodeIdx=3,changeCycle=0,myNode=fa0e0a8e...,timecost=0.178
info|2019-12-13 09:57:58.705626|[g:1][CONSENSUS][PBFT]checkAndChangeView: Reach consensus,org_view=14,org_changeCycle=0,cur_changeCycle=0,to_view=15
info|2019-12-13 09:57:59.043435|[P2P][Service] heartBeat,connected count=3
info|2019-12-13 09:57:59.708706|[g:1][CONSENSUS]addRawPrepare,height=36,reqIdx=2,hash=950cde3f...
info|2019-12-13 09:57:59.708942|[g:1][CONSENSUS][PBFT]checkTimeout Succ,view=15,toView=16,nodeIdx=3,changeCycle=0,myNode=fa0e0a8e...,timecost=0.175
info|2019-12-13 09:57:59.716385|[g:1][CONSENSUS][PBFT]checkAndChangeView: Reach consensus,org_view=15,org_changeCycle=0,cur_changeCycle=0,to_view=16
info|2019-12-13 09:58:00.717832|[g:1][CONSENSUS][SEALER]++++++++++++++++ Generating seal on,blkNum=36,tx=0,nodeIdx=3,hash=95686e07...
info|2019-12-13 09:58:00.734147|[g:1][CONSENSUS][PBFT]checkTimeout Succ,view=16,toView=17,nodeIdx=3,changeCycle=0,myNode=fa0e0a8e...,timecost=0.215
info|2019-12-13 09:58:00.734985|[g:1][CONSENSUS][PBFT]checkAndChangeView: Reach consensus,org_view=16,org_changeCycle=0,cur_changeCycle=0,to_view=17
info|2019-12-13 09:58:01.741283|[g:1][CONSENSUS]addRawPrepare,height=36,reqIdx=0,hash=065ea214...
info|2019-12-13 09:58:01.741501|[g:1][CONSENSUS][PBFT]checkTimeout Succ,view=17,toView=18,nodeIdx=3,changeCycle=0,myNode=fa0e0a8e...,timecost=0.192
info|2019-12-13 09:58:01.742516|[g:1][CONSENSUS][PBFT]checkAndChangeView: Reach consensus,org_view=17,org_changeCycle=0,cur_changeCycle=0,to_view=18
info|2019-12-13 09:58:02.744582|[g:1][CONSENSUS]addRawPrepare,height=36,reqIdx=1,hash=e661023b...
info|2019-12-13 09:58:02.744855|[g:1][CONSENSUS][PBFT]checkTimeout Succ,view=18,toView=19,nodeIdx=3,changeCycle=0,myNode=fa0e0a8e...,timecost=0.21
info|2019-12-13 09:58:02.752245|[g:1][CONSENSUS][PBFT]checkAndChangeView: Reach consensus,org_view=18,org_changeCycle=0,cur_changeCycle=0,to_view=19
info|2019-12-13 09:58:03.749959|[g:1][CONSENSUS]addRawPrepare,height=36,reqIdx=2,hash=8845ae32...
info|2019-12-13 09:58:03.750227|[g:1][CONSENSUS][PBFT]checkTimeout Succ,view=19,toView=20,nodeIdx=3,changeCycle=0,myNode=fa0e0a8e...,timecost=0.208
info|2019-12-13 09:58:03.755511|[g:1][CONSENSUS][PBFT]checkAndChangeView: Reach consensus,org_view=19,org_changeCycle=0,cur_changeCycle=0,to_view=20
info|2019-12-13 09:58:04.756218|[g:1][CONSENSUS][SEALER]++++++++++++++++ Generating seal on,blkNum=36,tx=0,nodeIdx=3,hash=f97eeaa4...
info|2019-12-13 09:58:04.772981|[g:1][CONSENSUS][PBFT]checkTimeout Succ,view=20,toView=21,nodeIdx=3,changeCycle=0,myNode=fa0e0a8e...,timecost=0.195
info|2019-12-13 09:58:04.777043|[g:1][CONSENSUS][PBFT]checkAndChangeView: Reach consensus,org_view=20,org_changeCycle=0,cur_changeCycle=0,to_view=21
info|2019-12-13 09:58:05.770892|[g:1][CONSENSUS]addRawPrepare,height=36,reqIdx=0,hash=7140bf4d...
info|2019-12-13 09:58:05.771126|[g:1][CONSENSUS][PBFT]checkTimeout Succ,view=21,toView=22,nodeIdx=3,changeCycle=0,myNode=fa0e0a8e...,timecost=0.194
info|2019-12-13 09:58:05.775431|[g:1][CONSENSUS][PBFT]checkAndChangeView: Reach consensus,org_view=21,org_changeCycle=0,cur_changeCycle=0,to_view=22
info|2019-12-13 09:58:06.779530|[g:1][CONSENSUS]addRawPrepare,height=36,reqIdx=1,hash=c884c90c...
info|2019-12-13 09:58:06.779807|[g:1][CONSENSUS][PBFT]checkTimeout Succ,view=22,toView=23,nodeIdx=3,changeCycle=0,myNode=fa0e0a8e...,timecost=0.218
info|2019-12-13 09:58:06.785252|[g:1][CONSENSUS][PBFT]checkAndChangeView: Reach consensus,org_view=22,org_changeCycle=0,cur_changeCycle=0,to_view=23
info|2019-12-13 09:58:07.786379|[g:1][CONSENSUS]addRawPrepare,height=36,reqIdx=2,hash=c79bd198...
info|2019-12-13 09:58:07.786643|[g:1][CONSENSUS][PBFT]checkTimeout Succ,view=23,toView=24,nodeIdx=3,changeCycle=0,myNode=fa0e0a8e...,timecost=0.204
info|2019-12-13 09:58:07.793047|[g:1][CONSENSUS][PBFT]checkAndChangeView: Reach consensus,org_view=23,org_changeCycle=0,cur_changeCycle=0,to_view=24
info|2019-12-13 09:58:08.793885|[g:1][CONSENSUS][SEALER]++++++++++++++++ Generating seal on,blkNum=36,tx=0,nodeIdx=3,hash=59b5b5a6...
info|2019-12-13 09:58:08.802333|[g:1][CONSENSUS][PBFT]checkTimeout Succ,view=24,toView=25,nodeIdx=3,changeCycle=0,myNode=fa0e0a8e...,timecost=0.291
info|2019-12-13 09:58:08.807832|[g:1][CONSENSUS][PBFT]checkAndChangeView: Reach consensus,org_view=24,org_changeCycle=0,cur_changeCycle=0,to_view=25
info|2019-12-13 09:58:09.043621|[P2P][Service] heartBeat,connected count=3
info|2019-12-13 09:58:09.807890|[g:1][CONSENSUS][PBFT]Trigger fast-viewchange,view=25,toView=25,minView=26,INFO=,reqNum=35,curNum=35,GenIdx=2,Cview=26,view=25,fromIdx=2,fromNode=84f7f9bc...,fromIp=127.0.0.1:54562,hash=f35a4041...,nodeIdx=3,myNode=fa0e0a8e...
info|2019-12-13 09:58:09.808105|[g:1][CONSENSUS][PBFT]checkAndChangeView: Reach consensus,org_view=25,org_changeCycle=0,cur_changeCycle=0,to_view=26
info|2019-12-13 09:58:09.808112|[g:1][CONSENSUS][PBFT]checkTimeout Succ,view=26,toView=26,nodeIdx=3,changeCycle=0,myNode=fa0e0a8e...,timecost=0.181
info|2019-12-13 09:58:10.812958|[g:1][CONSENSUS]addRawPrepare,height=36,reqIdx=1,hash=b8781676...
info|2019-12-13 09:58:10.813254|[g:1][CONSENSUS][PBFT]checkTimeout Succ,view=26,toView=27,nodeIdx=3,changeCycle=0,myNode=fa0e0a8e...,timecost=0.192
info|2019-12-13 09:58:10.818975|[g:1][CONSENSUS][PBFT]checkAndChangeView: Reach consensus,org_view=26,org_changeCycle=0,cur_changeCycle=0,to_view=27
info|2019-12-13 09:58:11.820066|[g:1][CONSENSUS]addRawPrepare,height=36,reqIdx=2,hash=98edfa19...
info|2019-12-13 09:58:11.820352|[g:1][CONSENSUS][PBFT]checkTimeout Succ,view=27,toView=28,nodeIdx=3,changeCycle=0,myNode=fa0e0a8e...,timecost=0.227
info|2019-12-13 09:58:11.827311|[g:1][CONSENSUS][PBFT]checkAndChangeView: Reach consensus,org_view=27,org_changeCycle=0,cur_changeCycle=0,to_view=28
info|2019-12-13 09:58:12.827853|[g:1][CONSENSUS][SEALER]++++++++++++++++ Generating seal on,blkNum=36,tx=0,nodeIdx=3,hash=20655daa...
info|2019-12-13 09:58:12.840745|[g:1][CONSENSUS][PBFT]checkTimeout Succ,view=28,toView=29,nodeIdx=3,changeCycle=0,myNode=fa0e0a8e...,timecost=0.19
info|2019-12-13 09:58:12.842831|[g:1][CONSENSUS][PBFT]checkAndChangeView: Reach consensus,org_view=28,org_changeCycle=0,cur_changeCycle=0,to_view=29
info|2019-12-13 09:58:13.849792|[g:1][CONSENSUS]addRawPrepare,height=36,reqIdx=0,hash=30ce7829...
info|2019-12-13 09:58:13.850022|[g:1][CONSENSUS][PBFT]checkTimeout Succ,view=29,toView=30,nodeIdx=3,changeCycle=0,myNode=fa0e0a8e...,timecost=0.206
info|2019-12-13 09:58:13.854219|[g:1][CONSENSUS][PBFT]checkAndChangeView: Reach consensus,org_view=29,org_changeCycle=0,cur_changeCycle=0,to_view=30
info|2019-12-13 09:58:14.853760|[g:1][CONSENSUS]addRawPrepare,height=36,reqIdx=1,hash=6b9fd9bc...
info|2019-12-13 09:58:14.854080|[g:1][CONSENSUS][PBFT]checkTimeout Succ,view=30,toView=31,nodeIdx=3,changeCycle=0,myNode=fa0e0a8e...,timecost=0.239
info|2019-12-13 09:58:14.859746|[g:1][CONSENSUS][PBFT]checkAndChangeView: Reach consensus,org_view=30,org_changeCycle=0,cur_changeCycle=0,to_view=31
info|2019-12-13 09:58:15.863139|[g:1][CONSENSUS]addRawPrepare,height=36,reqIdx=2,hash=1547a011...
info|2019-12-13 09:58:15.863381|[g:1][CONSENSUS][PBFT]checkTimeout Succ,view=31,toView=32,nodeIdx=3,changeCycle=0,myNode=fa0e0a8e...,timecost=0.179
info|2019-12-13 09:58:15.872366|[g:1][CONSENSUS][PBFT]checkAndChangeView: Reach consensus,org_view=31,org_changeCycle=0,cur_changeCycle=0,to_view=32
info|2019-12-13 09:58:16.874248|[g:1][CONSENSUS][SEALER]++++++++++++++++ Generating seal on,blkNum=36,tx=0,nodeIdx=3,hash=f718b88c...
info|2019-12-13 09:58:16.887159|[g:1][CONSENSUS][PBFT]checkTimeout Succ,view=32,toView=33,nodeIdx=3,changeCycle=0,myNode=fa0e0a8e...,timecost=0.201
info|2019-12-13 09:58:16.888140|[g:1][CONSENSUS][PBFT]checkAndChangeView: Reach consensus,org_view=32,org_changeCycle=0,cur_changeCycle=0,to_view=33
info|2019-12-13 09:58:17.884643|[g:1][CONSENSUS]addRawPrepare,height=36,reqIdx=0,hash=25970826...
info|2019-12-13 09:58:17.887632|[g:1][CONSENSUS][PBFT]checkTimeout Succ,view=33,toView=34,nodeIdx=3,changeCycle=0,myNode=fa0e0a8e...,timecost=2.97
info|2019-12-13 09:58:17.893401|[g:1][CONSENSUS][PBFT]checkAndChangeView: Reach consensus,org_view=33,org_changeCycle=0,cur_changeCycle=0,to_view=34
info|2019-12-13 09:58:18.894371|[g:1][CONSENSUS]addRawPrepare,height=36,reqIdx=1,hash=b9a286c2...
info|2019-12-13 09:58:18.894685|[g:1][CONSENSUS][PBFT]checkTimeout Succ,view=34,toView=35,nodeIdx=3,changeCycle=0,myNode=fa0e0a8e...,timecost=0.249
info|2019-12-13 09:58:18.901736|[g:1][CONSENSUS][PBFT]checkAndChangeView: Reach consensus,org_view=34,org_changeCycle=0,cur_changeCycle=0,to_view=35
info|2019-12-13 09:58:19.043672|[P2P][Service] heartBeat,connected count=3
info|2019-12-13 09:58:19.898489|[g:1][CONSENSUS]addRawPrepare,height=36,reqIdx=2,hash=30a77532...
info|2019-12-13 09:58:19.898748|[g:1][CONSENSUS][PBFT]checkTimeout Succ,view=35,toView=36,nodeIdx=3,changeCycle=0,myNode=fa0e0a8e...,timecost=0.2
info|2019-12-13 09:58:19.901504|[g:1][CONSENSUS][PBFT]checkAndChangeView: Reach consensus,org_view=35,org_changeCycle=0,cur_changeCycle=0,to_view=36
info|2019-12-13 09:58:20.901448|[g:1][CONSENSUS][SEALER]++++++++++++++++ Generating seal on,blkNum=36,tx=0,nodeIdx=3,hash=ae21c3a0...
info|2019-12-13 09:58:20.913559|[g:1][CONSENSUS][PBFT]checkTimeout Succ,view=36,toView=37,nodeIdx=3,changeCycle=0,myNode=fa0e0a8e...,timecost=0.192
info|2019-12-13 09:58:20.914417|[g:1][CONSENSUS][PBFT]checkAndChangeView: Reach consensus,org_view=36,org_changeCycle=0,cur_changeCycle=0,to_view=37
info|2019-12-13 09:58:21.907704|[g:1][CONSENSUS]addRawPrepare,height=36,reqIdx=0,hash=31d8d2c0...
info|2019-12-13 09:58:21.908169|[g:1][CONSENSUS][PBFT]checkTimeout Succ,view=37,toView=38,nodeIdx=3,changeCycle=0,myNode=fa0e0a8e...,timecost=0.458
info|2019-12-13 09:58:21.915519|[g:1][CONSENSUS][PBFT]checkAndChangeView: Reach consensus,org_view=37,org_changeCycle=0,cur_changeCycle=0,to_view=38
info|2019-12-13 09:58:22.918955|[g:1][CONSENSUS]addRawPrepare,height=36,reqIdx=1,hash=544870d2...
info|2019-12-13 09:58:22.919232|[g:1][CONSENSUS][PBFT]checkTimeout Succ,view=38,toView=39,nodeIdx=3,changeCycle=0,myNode=fa0e0a8e...,timecost=0.215
info|2019-12-13 09:58:22.931440|[g:1][CONSENSUS][PBFT]checkAndChangeView: Reach consensus,org_view=38,org_changeCycle=0,cur_changeCycle=0,to_view=39
info|2019-12-13 09:58:23.925638|[g:1][CONSENSUS]addRawPrepare,height=36,reqIdx=2,hash=dfe770b5...
info|2019-12-13 09:58:23.925876|[g:1][CONSENSUS][PBFT]checkTimeout Succ,view=39,toView=40,nodeIdx=3,changeCycle=0,myNode=fa0e0a8e...,timecost=0.199
info|2019-12-13 09:58:23.936720|[g:1][CONSENSUS][PBFT]checkAndChangeView: Reach consensus,org_view=39,org_changeCycle=0,cur_changeCycle=0,to_view=40
info|2019-12-13 09:58:24.362792|[NETWORK][Session]Received topic: [4] from 84f7f9bc15162db32794a6c6464e88f1ff533cdefab8e49a456b7ead1bead0eb792a18dd55ac8aaac81461e82fd4c53926e196dc599db8dd189217236f87ef4b
info|2019-12-13 09:58:24.936608|[g:1][CONSENSUS][SEALER]++++++++++++++++ Generating seal on,blkNum=36,tx=0,nodeIdx=3,hash=27016fc9...
info|2019-12-13 09:58:24.946230|[g:1][CONSENSUS][PBFT]checkTimeout Succ,view=40,toView=41,nodeIdx=3,changeCycle=0,myNode=fa0e0a8e...,timecost=0.226
info|2019-12-13 09:58:24.947275|[g:1][CONSENSUS][PBFT]checkAndChangeView: Reach consensus,org_view=40,org_changeCycle=0,cur_changeCycle=0,to_view=41
info|2019-12-13 09:58:25.948052|[g:1][CONSENSUS]addRawPrepare,height=36,reqIdx=0,hash=e648a451...
info|2019-12-13 09:58:25.948327|[g:1][CONSENSUS][PBFT]checkTimeout Succ,view=41,toView=42,nodeIdx=3,changeCycle=0,myNode=fa0e0a8e...,timecost=0.241
info|2019-12-13 09:58:25.952997|[g:1][CONSENSUS][PBFT]checkAndChangeView: Reach consensus,org_view=41,org_changeCycle=0,cur_changeCycle=0,to_view=42
info|2019-12-13 09:58:26.959653|[g:1][CONSENSUS]addRawPrepare,height=36,reqIdx=1,hash=0768d7ab...
info|2019-12-13 09:58:26.959964|[g:1][CONSENSUS][PBFT]checkTimeout Succ,view=42,toView=43,nodeIdx=3,changeCycle=0,myNode=fa0e0a8e...,timecost=0.189
info|2019-12-13 09:58:26.969059|[g:1][CONSENSUS][PBFT]checkAndChangeView: Reach consensus,org_view=42,org_changeCycle=0,cur_changeCycle=0,to_view=43
info|2019-12-13 09:58:27.981950|[g:1][CONSENSUS]addRawPrepare,height=36,reqIdx=2,hash=67872aa7...
info|2019-12-13 09:58:27.995378|[g:1][CONSENSUS][PBFT]checkTimeout Succ,view=43,toView=44,nodeIdx=3,changeCycle=0,myNode=fa0e0a8e...,timecost=13.232
info|2019-12-13 09:58:27.999633|[g:1][CONSENSUS][PBFT]checkAndChangeView: Reach consensus,org_view=43,org_changeCycle=0,cur_changeCycle=0,to_view=44
info|2019-12-13 09:58:29.001842|[g:1][CONSENSUS][SEALER]++++++++++++++++ Generating seal on,blkNum=36,tx=0,nodeIdx=3,hash=f464f94a...
info|2019-12-13 09:58:29.018530|[g:1][CONSENSUS][PBFT]checkTimeout Succ,view=44,toView=45,nodeIdx=3,changeCycle=0,myNode=fa0e0a8e...,timecost=0.21
info|2019-12-13 09:58:29.019425|[g:1][CONSENSUS][PBFT]checkAndChangeView: Reach consensus,org_view=44,org_changeCycle=0,cur_changeCycle=0,to_view=45
info|2019-12-13 09:58:29.043740|[P2P][Service] heartBeat,connected count=3
info|2019-12-13 09:58:30.020937|[g:1][CONSENSUS]addRawPrepare,height=36,reqIdx=0,hash=584b7cb9...
info|2019-12-13 09:58:30.023143|[g:1][CONSENSUS][PBFT]checkTimeout Succ,view=45,toView=46,nodeIdx=3,changeCycle=0,myNode=fa0e0a8e...,timecost=2.187
info|2019-12-13 09:58:30.023410|[g:1][CONSENSUS][PBFT]checkAndChangeView: Reach consensus,org_view=45,org_changeCycle=0,cur_changeCycle=0,to_view=46
info|2019-12-13 09:58:31.026889|[g:1][CONSENSUS]addRawPrepare,height=36,reqIdx=1,hash=25993309...
info|2019-12-13 09:58:31.027125|[g:1][CONSENSUS][PBFT]checkTimeout Succ,view=46,toView=47,nodeIdx=3,changeCycle=0,myNode=fa0e0a8e...,timecost=0.176
info|2019-12-13 09:58:31.036191|[g:1][CONSENSUS][PBFT]checkAndChangeView: Reach consensus,org_view=46,org_changeCycle=0,cur_changeCycle=0,to_view=47
info|2019-12-13 09:58:32.040594|[g:1][CONSENSUS]addRawPrepare,height=36,reqIdx=2,hash=c7e34e38...
info|2019-12-13 09:58:32.040837|[g:1][CONSENSUS][PBFT]checkTimeout Succ,view=47,toView=48,nodeIdx=3,changeCycle=0,myNode=fa0e0a8e...,timecost=0.178
info|2019-12-13 09:58:32.050540|[g:1][CONSENSUS][PBFT]checkAndChangeView: Reach consensus,org_view=47,org_changeCycle=0,cur_changeCycle=0,to_view=48
info|2019-12-13 09:58:33.051127|[g:1][CONSENSUS][SEALER]++++++++++++++++ Generating seal on,blkNum=36,tx=0,nodeIdx=3,hash=1615ace4...
info|2019-12-13 09:58:33.066009|[g:1][CONSENSUS][PBFT]checkTimeout Succ,view=48,toView=49,nodeIdx=3,changeCycle=0,myNode=fa0e0a8e...,timecost=0.194
info|2019-12-13 09:58:33.069344|[g:1][CONSENSUS][PBFT]checkAndChangeView: Reach consensus,org_view=48,org_changeCycle=0,cur_changeCycle=0,to_view=49
info|2019-12-13 09:58:34.071795|[g:1][CONSENSUS]addRawPrepare,height=36,reqIdx=0,hash=61896fc0...
info|2019-12-13 09:58:34.072035|[g:1][CONSENSUS][PBFT]checkTimeout Succ,view=49,toView=50,nodeIdx=3,changeCycle=0,myNode=fa0e0a8e...,timecost=0.216
info|2019-12-13 09:58:34.076221|[g:1][CONSENSUS][PBFT]checkAndChangeView: Reach consensus,org_view=49,org_changeCycle=0,cur_changeCycle=0,to_view=50
info|2019-12-13 09:58:35.080477|[g:1][CONSENSUS]addRawPrepare,height=36,reqIdx=1,hash=9f9cfd23...
info|2019-12-13 09:58:35.080769|[g:1][CONSENSUS][PBFT]checkTimeout Succ,view=50,toView=51,nodeIdx=3,changeCycle=0,myNode=fa0e0a8e...,timecost=0.226
info|2019-12-13 09:58:35.083685|[g:1][CONSENSUS][PBFT]checkAndChangeView: Reach consensus,org_view=50,org_changeCycle=0,cur_changeCycle=0,to_view=51
info|2019-12-13 09:58:36.090262|[g:1][CONSENSUS]addRawPrepare,height=36,reqIdx=2,hash=9bc2f73f...
info|2019-12-13 09:58:36.090534|[g:1][CONSENSUS][PBFT]checkTimeout Succ,view=51,toView=52,nodeIdx=3,changeCycle=0,myNode=fa0e0a8e...,timecost=0.208
info|2019-12-13 09:58:36.101536|[g:1][CONSENSUS][PBFT]checkAndChangeView: Reach consensus,org_view=51,org_changeCycle=0,cur_changeCycle=0,to_view=52
info|2019-12-13 09:58:37.102963|[g:1][CONSENSUS][SEALER]++++++++++++++++ Generating seal on,blkNum=36,tx=0,nodeIdx=3,hash=4635c362...
info|2019-12-13 09:58:37.119191|[g:1][CONSENSUS][PBFT]checkTimeout Succ,view=52,toView=53,nodeIdx=3,changeCycle=0,myNode=fa0e0a8e...,timecost=0.206
info|2019-12-13 09:58:37.120147|[g:1][CONSENSUS][PBFT]checkAndChangeView: Reach consensus,org_view=52,org_changeCycle=0,cur_changeCycle=0,to_view=53
info|2019-12-13 09:58:38.118425|[g:1][CONSENSUS]addRawPrepare,height=36,reqIdx=0,hash=014fc5f7...
info|2019-12-13 09:58:38.118629|[g:1][CONSENSUS][PBFT]checkTimeout Succ,view=53,toView=54,nodeIdx=3,changeCycle=0,myNode=fa0e0a8e...,timecost=0.183
info|2019-12-13 09:58:38.123173|[g:1][CONSENSUS][PBFT]checkAndChangeView: Reach consensus,org_view=53,org_changeCycle=0,cur_changeCycle=0,to_view=54
info|2019-12-13 09:58:39.044555|[P2P][Service] heartBeat,connected count=3
info|2019-12-13 09:58:39.131275|[g:1][CONSENSUS]addRawPrepare,height=36,reqIdx=1,hash=0d5c7a67...
info|2019-12-13 09:58:39.131541|[g:1][CONSENSUS][PBFT]checkTimeout Succ,view=54,toView=55,nodeIdx=3,changeCycle=0,myNode=fa0e0a8e...,timecost=0.207
info|2019-12-13 09:58:39.139876|[g:1][CONSENSUS][PBFT]checkAndChangeView: Reach consensus,org_view=54,org_changeCycle=0,cur_changeCycle=0,to_view=55
info|2019-12-13 09:58:39.363239|[NETWORK][Session]Received topic: [5] from 84f7f9bc15162db32794a6c6464e88f1ff533cdefab8e49a456b7ead1bead0eb792a18dd55ac8aaac81461e82fd4c53926e196dc599db8dd189217236f87ef4b
info|2019-12-13 09:58:40.145839|[g:1][CONSENSUS]addRawPrepare,height=36,reqIdx=2,hash=95a5a050...
info|2019-12-13 09:58:40.146078|[g:1][CONSENSUS][PBFT]checkTimeout Succ,view=55,toView=56,nodeIdx=3,changeCycle=0,myNode=fa0e0a8e...,timecost=0.178
info|2019-12-13 09:58:40.152690|[g:1][CONSENSUS][PBFT]checkAndChangeView: Reach consensus,org_view=55,org_changeCycle=0,cur_changeCycle=0,to_view=56
info|2019-12-13 09:58:41.153257|[g:1][CONSENSUS][SEALER]++++++++++++++++ Generating seal on,blkNum=36,tx=0,nodeIdx=3,hash=cd4aa02e...
info|2019-12-13 09:58:41.165229|[g:1][CONSENSUS][PBFT]checkTimeout Succ,view=56,toView=57,nodeIdx=3,changeCycle=0,myNode=fa0e0a8e...,timecost=0.196
info|2019-12-13 09:58:41.166131|[g:1][CONSENSUS][PBFT]checkAndChangeView: Reach consensus,org_view=56,org_changeCycle=0,cur_changeCycle=0,to_view=57
info|2019-12-13 09:58:42.164187|[g:1][CONSENSUS]addRawPrepare,height=36,reqIdx=0,hash=b40a673d...
info|2019-12-13 09:58:42.164424|[g:1][CONSENSUS][PBFT]checkTimeout Succ,view=57,toView=58,nodeIdx=3,changeCycle=0,myNode=fa0e0a8e...,timecost=0.216
info|2019-12-13 09:58:42.166115|[g:1][CONSENSUS][PBFT]checkAndChangeView: Reach consensus,org_view=57,org_changeCycle=0,cur_changeCycle=0,to_view=58
info|2019-12-13 09:58:43.171483|[g:1][CONSENSUS]addRawPrepare,height=36,reqIdx=1,hash=37ea348f...
info|2019-12-13 09:58:43.171722|[g:1][CONSENSUS][PBFT]checkTimeout Succ,view=58,toView=59,nodeIdx=3,changeCycle=0,myNode=fa0e0a8e...,timecost=0.177
info|2019-12-13 09:58:43.180519|[g:1][CONSENSUS][PBFT]checkAndChangeView: Reach consensus,org_view=58,org_changeCycle=0,cur_changeCycle=0,to_view=59
info|2019-12-13 09:58:44.193509|[g:1][CONSENSUS]addRawPrepare,height=36,reqIdx=2,hash=757e36f2...
info|2019-12-13 09:58:44.193748|[g:1][CONSENSUS][PBFT]checkTimeout Succ,view=59,toView=60,nodeIdx=3,changeCycle=0,myNode=fa0e0a8e...,timecost=0.204
info|2019-12-13 09:58:44.201557|[g:1][CONSENSUS][PBFT]checkAndChangeView: Reach consensus,org_view=59,org_changeCycle=0,cur_changeCycle=0,to_view=60
info|2019-12-13 09:58:44.363349|[NETWORK][Session]Received topic: [6] from 84f7f9bc15162db32794a6c6464e88f1ff533cdefab8e49a456b7ead1bead0eb792a18dd55ac8aaac81461e82fd4c53926e196dc599db8dd189217236f87ef4b
info|2019-12-13 09:58:45.201847|[g:1][CONSENSUS][SEALER]++++++++++++++++ Generating seal on,blkNum=36,tx=0,nodeIdx=3,hash=a8cb8e71...
info|2019-12-13 09:58:45.213026|[g:1][CONSENSUS][PBFT]checkTimeout Succ,view=60,toView=61,nodeIdx=3,changeCycle=0,myNode=fa0e0a8e...,timecost=0.219
info|2019-12-13 09:58:45.213982|[g:1][CONSENSUS][PBFT]checkAndChangeView: Reach consensus,org_view=60,org_changeCycle=0,cur_changeCycle=0,to_view=61
info|2019-12-13 09:58:46.212496|[g:1][CONSENSUS]addRawPrepare,height=36,reqIdx=0,hash=c2c53b53...
info|2019-12-13 09:58:46.212762|[g:1][CONSENSUS][PBFT]checkTimeout Succ,view=61,toView=62,nodeIdx=3,changeCycle=0,myNode=fa0e0a8e...,timecost=0.236
info|2019-12-13 09:58:46.217931|[g:1][CONSENSUS][PBFT]checkAndChangeView: Reach consensus,org_view=61,org_changeCycle=0,cur_changeCycle=0,to_view=62
info|2019-12-13 09:58:47.222203|[g:1][CONSENSUS]addRawPrepare,height=36,reqIdx=1,hash=0d3a02c5...
info|2019-12-13 09:58:47.222449|[g:1][CONSENSUS][PBFT]checkTimeout Succ,view=62,toView=63,nodeIdx=3,changeCycle=0,myNode=fa0e0a8e...,timecost=0.178
info|2019-12-13 09:58:47.229915|[g:1][CONSENSUS][PBFT]checkAndChangeView: Reach consensus,org_view=62,org_changeCycle=0,cur_changeCycle=0,to_view=63
info|2019-12-13 09:58:48.233280|[g:1][CONSENSUS]addRawPrepare,height=36,reqIdx=2,hash=ae9d1419...
info|2019-12-13 09:58:48.233537|[g:1][CONSENSUS][PBFT]checkTimeout Succ,view=63,toView=64,nodeIdx=3,changeCycle=0,myNode=fa0e0a8e...,timecost=0.196
info|2019-12-13 09:58:48.240016|[g:1][CONSENSUS][PBFT]checkAndChangeView: Reach consensus,org_view=63,org_changeCycle=0,cur_changeCycle=0,to_view=64
info|2019-12-13 09:58:49.045015|[P2P][Service] heartBeat,connected count=3
info|2019-12-13 09:58:49.241080|[g:1][CONSENSUS][SEALER]++++++++++++++++ Generating seal on,blkNum=36,tx=0,nodeIdx=3,hash=df5bea90...
info|2019-12-13 09:58:49.242724|[g:1][CONSENSUS][PBFT]checkTimeout Succ,view=64,toView=65,nodeIdx=3,changeCycle=0,myNode=fa0e0a8e...,timecost=0.21
info|2019-12-13 09:58:49.249911|[g:1][CONSENSUS][PBFT]checkAndChangeView: Reach consensus,org_view=64,org_changeCycle=0,cur_changeCycle=0,to_view=65
info|2019-12-13 09:58:50.251554|[g:1][CONSENSUS]addRawPrepare,height=36,reqIdx=0,hash=5e8519de...
info|2019-12-13 09:58:50.251774|[g:1][CONSENSUS][PBFT]checkTimeout Succ,view=65,toView=66,nodeIdx=3,changeCycle=0,myNode=fa0e0a8e...,timecost=0.198
info|2019-12-13 09:58:50.253108|[g:1][CONSENSUS][PBFT]checkAndChangeView: Reach consensus,org_view=65,org_changeCycle=0,cur_changeCycle=0,to_view=66
info|2019-12-13 09:58:51.255962|[g:1][CONSENSUS]addRawPrepare,height=36,reqIdx=1,hash=0c7ad455...
info|2019-12-13 09:58:51.256218|[g:1][CONSENSUS][PBFT]checkTimeout Succ,view=66,toView=67,nodeIdx=3,changeCycle=0,myNode=fa0e0a8e...,timecost=0.18
info|2019-12-13 09:58:51.264872|[g:1][CONSENSUS][PBFT]checkAndChangeView: Reach consensus,org_view=66,org_changeCycle=0,cur_changeCycle=0,to_view=67
info|2019-12-13 09:58:52.259252|[g:1][CONSENSUS]addRawPrepare,height=36,reqIdx=2,hash=43771fdc...
info|2019-12-13 09:58:52.259509|[g:1][CONSENSUS][PBFT]checkTimeout Succ,view=67,toView=68,nodeIdx=3,changeCycle=0,myNode=fa0e0a8e...,timecost=0.198
info|2019-12-13 09:58:52.262591|[g:1][CONSENSUS][PBFT]checkAndChangeView: Reach consensus,org_view=67,org_changeCycle=0,cur_changeCycle=0,to_view=68
info|2019-12-13 09:58:53.264814|[g:1][CONSENSUS][SEALER]++++++++++++++++ Generating seal on,blkNum=36,tx=0,nodeIdx=3,hash=87c15ced...
info|2019-12-13 09:58:53.276193|[g:1][CONSENSUS][PBFT]checkTimeout Succ,view=68,toView=69,nodeIdx=3,changeCycle=0,myNode=fa0e0a8e...,timecost=0.19
info|2019-12-13 09:58:53.279423|[g:1][CONSENSUS][PBFT]checkAndChangeView: Reach consensus,org_view=68,org_changeCycle=0,cur_changeCycle=0,to_view=69
info|2019-12-13 09:58:54.276210|[g:1][CONSENSUS]addRawPrepare,height=36,reqIdx=0,hash=26cce39e...
info|2019-12-13 09:58:54.276427|[g:1][CONSENSUS][PBFT]checkTimeout Succ,view=69,toView=70,nodeIdx=3,changeCycle=0,myNode=fa0e0a8e...,timecost=0.19
info|2019-12-13 09:58:54.281507|[g:1][CONSENSUS][PBFT]checkAndChangeView: Reach consensus,org_view=69,org_changeCycle=0,cur_changeCycle=0,to_view=70
info|2019-12-13 09:58:55.285340|[g:1][CONSENSUS]addRawPrepare,height=36,reqIdx=1,hash=f246c341...
info|2019-12-13 09:58:55.285612|[g:1][CONSENSUS][PBFT]checkTimeout Succ,view=70,toView=71,nodeIdx=3,changeCycle=0,myNode=fa0e0a8e...,timecost=0.198
info|2019-12-13 09:58:55.290267|[g:1][CONSENSUS][PBFT]checkAndChangeView: Reach consensus,org_view=70,org_changeCycle=0,cur_changeCycle=0,to_view=71
info|2019-12-13 09:58:56.296070|[g:1][CONSENSUS]addRawPrepare,height=36,reqIdx=2,hash=3cf9ed8b...
info|2019-12-13 09:58:56.296469|[g:1][CONSENSUS][PBFT]checkTimeout Succ,view=71,toView=72,nodeIdx=3,changeCycle=0,myNode=fa0e0a8e...,timecost=0.197
info|2019-12-13 09:58:56.301777|[g:1][CONSENSUS][PBFT]checkAndChangeView: Reach consensus,org_view=71,org_changeCycle=0,cur_changeCycle=0,to_view=72
info|2019-12-13 09:58:57.304619|[g:1][CONSENSUS][SEALER]++++++++++++++++ Generating seal on,blkNum=36,tx=0,nodeIdx=3,hash=831ddf21...
info|2019-12-13 09:58:57.317458|[g:1][CONSENSUS][PBFT]checkTimeout Succ,view=72,toView=73,nodeIdx=3,changeCycle=0,myNode=fa0e0a8e...,timecost=0.213
info|2019-12-13 09:58:57.321349|[g:1][CONSENSUS][PBFT]checkAndChangeView: Reach consensus,org_view=72,org_changeCycle=0,cur_changeCycle=0,to_view=73
info|2019-12-13 09:58:58.315245|[g:1][CONSENSUS]addRawPrepare,height=36,reqIdx=0,hash=018accff...
info|2019-12-13 09:58:58.315457|[g:1][CONSENSUS][PBFT]checkTimeout Succ,view=73,toView=74,nodeIdx=3,changeCycle=0,myNode=fa0e0a8e...,timecost=0.187
info|2019-12-13 09:58:58.321305|[g:1][CONSENSUS][PBFT]checkAndChangeView: Reach consensus,org_view=73,org_changeCycle=0,cur_changeCycle=0,to_view=74
info|2019-12-13 09:58:59.045407|[P2P][Service] heartBeat,connected count=3
info|2019-12-13 09:58:59.323048|[g:1][CONSENSUS]addRawPrepare,height=36,reqIdx=1,hash=eb9329b9...
info|2019-12-13 09:58:59.323286|[g:1][CONSENSUS][PBFT]checkTimeout Succ,view=74,toView=75,nodeIdx=3,changeCycle=0,myNode=fa0e0a8e...,timecost=0.177
info|2019-12-13 09:58:59.331092|[g:1][CONSENSUS][PBFT]checkAndChangeView: Reach consensus,org_view=74,org_changeCycle=0,cur_changeCycle=0,to_view=75
info|2019-12-13 09:59:00.328373|[g:1][CONSENSUS]addRawPrepare,height=36,reqIdx=2,hash=671faf35...
info|2019-12-13 09:59:00.328629|[g:1][CONSENSUS][PBFT]checkTimeout Succ,view=75,toView=76,nodeIdx=3,changeCycle=0,myNode=fa0e0a8e...,timecost=0.182
info|2019-12-13 09:59:00.331632|[g:1][CONSENSUS][PBFT]checkAndChangeView: Reach consensus,org_view=75,org_changeCycle=0,cur_changeCycle=0,to_view=76
info|2019-12-13 09:59:01.334518|[g:1][CONSENSUS][SEALER]++++++++++++++++ Generating seal on,blkNum=36,tx=0,nodeIdx=3,hash=f175ac5a...
info|2019-12-13 09:59:01.344807|[g:1][CONSENSUS][PBFT]checkTimeout Succ,view=76,toView=77,nodeIdx=3,changeCycle=0,myNode=fa0e0a8e...,timecost=0.188
info|2019-12-13 09:59:01.348731|[g:1][CONSENSUS][PBFT]checkAndChangeView: Reach consensus,org_view=76,org_changeCycle=0,cur_changeCycle=0,to_view=77
info|2019-12-13 09:59:02.348130|[g:1][CONSENSUS]addRawPrepare,height=36,reqIdx=0,hash=5896be91...
info|2019-12-13 09:59:02.348395|[g:1][CONSENSUS][PBFT]checkTimeout Succ,view=77,toView=78,nodeIdx=3,changeCycle=0,myNode=fa0e0a8e...,timecost=0.239
info|2019-12-13 09:59:02.354799|[g:1][CONSENSUS][PBFT]checkAndChangeView: Reach consensus,org_view=77,org_changeCycle=0,cur_changeCycle=0,to_view=78
info|2019-12-13 09:59:03.355748|[g:1][CONSENSUS]addRawPrepare,height=36,reqIdx=1,hash=6c6b6bab...
info|2019-12-13 09:59:03.356011|[g:1][CONSENSUS][PBFT]checkTimeout Succ,view=78,toView=79,nodeIdx=3,changeCycle=0,myNode=fa0e0a8e...,timecost=0.206
info|2019-12-13 09:59:03.362157|[g:1][CONSENSUS][PBFT]checkAndChangeView: Reach consensus,org_view=78,org_changeCycle=0,cur_changeCycle=0,to_view=79
info|2019-12-13 09:59:04.367115|[g:1][CONSENSUS]addRawPrepare,height=36,reqIdx=2,hash=5ca44b9f...
info|2019-12-13 09:59:04.367348|[g:1][CONSENSUS][PBFT]checkTimeout Succ,view=79,toView=80,nodeIdx=3,changeCycle=0,myNode=fa0e0a8e...,timecost=0.174
info|2019-12-13 09:59:04.373316|[g:1][CONSENSUS][PBFT]checkAndChangeView: Reach consensus,org_view=79,org_changeCycle=0,cur_changeCycle=0,to_view=80
info|2019-12-13 09:59:05.374103|[g:1][CONSENSUS][SEALER]++++++++++++++++ Generating seal on,blkNum=36,tx=0,nodeIdx=3,hash=7bb39776...
info|2019-12-13 09:59:05.384008|[g:1][CONSENSUS][PBFT]checkTimeout Succ,view=80,toView=81,nodeIdx=3,changeCycle=0,myNode=fa0e0a8e...,timecost=0.189
info|2019-12-13 09:59:05.387608|[g:1][CONSENSUS][PBFT]checkAndChangeView: Reach consensus,org_view=80,org_changeCycle=0,cur_changeCycle=0,to_view=81
info|2019-12-13 09:59:06.383486|[g:1][CONSENSUS]addRawPrepare,height=36,reqIdx=0,hash=8b31138e...
info|2019-12-13 09:59:06.383695|[g:1][CONSENSUS][PBFT]checkTimeout Succ,view=81,toView=82,nodeIdx=3,changeCycle=0,myNode=fa0e0a8e...,timecost=0.187
info|2019-12-13 09:59:06.385515|[g:1][CONSENSUS][PBFT]checkAndChangeView: Reach consensus,org_view=81,org_changeCycle=0,cur_changeCycle=0,to_view=82
info|2019-12-13 09:59:07.389931|[g:1][CONSENSUS]addRawPrepare,height=36,reqIdx=1,hash=f5266143...
info|2019-12-13 09:59:07.390194|[g:1][CONSENSUS][PBFT]checkTimeout Succ,view=82,toView=83,nodeIdx=3,changeCycle=0,myNode=fa0e0a8e...,timecost=0.205
info|2019-12-13 09:59:07.396043|[g:1][CONSENSUS][PBFT]checkAndChangeView: Reach consensus,org_view=82,org_changeCycle=0,cur_changeCycle=0,to_view=83
info|2019-12-13 09:59:08.400056|[g:1][CONSENSUS]addRawPrepare,height=36,reqIdx=2,hash=3d794c51...
info|2019-12-13 09:59:08.400294|[g:1][CONSENSUS][PBFT]checkTimeout Succ,view=83,toView=84,nodeIdx=3,changeCycle=0,myNode=fa0e0a8e...,timecost=0.177
info|2019-12-13 09:59:08.405763|[g:1][CONSENSUS][PBFT]checkAndChangeView: Reach consensus,org_view=83,org_changeCycle=0,cur_changeCycle=0,to_view=84
info|2019-12-13 09:59:09.045899|[P2P][Service] heartBeat,connected count=3
info|2019-12-13 09:59:09.408923|[g:1][CONSENSUS][SEALER]++++++++++++++++ Generating seal on,blkNum=36,tx=0,nodeIdx=3,hash=1c956709...
info|2019-12-13 09:59:09.414304|[g:1][CONSENSUS][PBFT]checkTimeout Succ,view=84,toView=85,nodeIdx=3,changeCycle=0,myNode=fa0e0a8e...,timecost=0.18
info|2019-12-13 09:59:09.422262|[g:1][CONSENSUS][PBFT]checkAndChangeView: Reach consensus,org_view=84,org_changeCycle=0,cur_changeCycle=0,to_view=85
info|2019-12-13 09:59:10.423390|[g:1][CONSENSUS]addRawPrepare,height=36,reqIdx=0,hash=b8dad242...
info|2019-12-13 09:59:10.423608|[g:1][CONSENSUS][PBFT]checkTimeout Succ,view=85,toView=86,nodeIdx=3,changeCycle=0,myNode=fa0e0a8e...,timecost=0.192
info|2019-12-13 09:59:10.429301|[g:1][CONSENSUS][PBFT]checkAndChangeView: Reach consensus,org_view=85,org_changeCycle=0,cur_changeCycle=0,to_view=86
info|2019-12-13 09:59:11.431127|[g:1][CONSENSUS]addRawPrepare,height=36,reqIdx=1,hash=c31b18b4...
info|2019-12-13 09:59:11.431695|[g:1][CONSENSUS][PBFT]checkTimeout Succ,view=86,toView=87,nodeIdx=3,changeCycle=0,myNode=fa0e0a8e...,timecost=0.432
info|2019-12-13 09:59:11.446881|[g:1][CONSENSUS][PBFT]checkAndChangeView: Reach consensus,org_view=86,org_changeCycle=0,cur_changeCycle=0,to_view=87
info|2019-12-13 09:59:12.448018|[g:1][CONSENSUS]addRawPrepare,height=36,reqIdx=2,hash=bde5e26b...
info|2019-12-13 09:59:12.448287|[g:1][CONSENSUS][PBFT]checkTimeout Succ,view=87,toView=88,nodeIdx=3,changeCycle=0,myNode=fa0e0a8e...,timecost=0.208
info|2019-12-13 09:59:12.453683|[g:1][CONSENSUS][PBFT]checkAndChangeView: Reach consensus,org_view=87,org_changeCycle=0,cur_changeCycle=0,to_view=88
info|2019-12-13 09:59:13.457624|[g:1][CONSENSUS][SEALER]++++++++++++++++ Generating seal on,blkNum=36,tx=0,nodeIdx=3,hash=f6ee3dd3...
info|2019-12-13 09:59:13.472336|[g:1][CONSENSUS][PBFT]checkTimeout Succ,view=88,toView=89,nodeIdx=3,changeCycle=0,myNode=fa0e0a8e...,timecost=0.195
info|2019-12-13 09:59:13.474444|[g:1][CONSENSUS][PBFT]checkAndChangeView: Reach consensus,org_view=88,org_changeCycle=0,cur_changeCycle=0,to_view=89
info|2019-12-13 09:59:14.467532|[g:1][CONSENSUS]addRawPrepare,height=36,reqIdx=0,hash=9bddef6c...
info|2019-12-13 09:59:14.467743|[g:1][CONSENSUS][PBFT]checkTimeout Succ,view=89,toView=90,nodeIdx=3,changeCycle=0,myNode=fa0e0a8e...,timecost=0.188
info|2019-12-13 09:59:14.468040|[g:1][CONSENSUS][PBFT]checkAndChangeView: Reach consensus,org_view=89,org_changeCycle=0,cur_changeCycle=0,to_view=90
info|2019-12-13 09:59:15.475381|[g:1][CONSENSUS]addRawPrepare,height=36,reqIdx=1,hash=7fc97c81...
info|2019-12-13 09:59:15.475644|[g:1][CONSENSUS][PBFT]checkTimeout Succ,view=90,toView=91,nodeIdx=3,changeCycle=0,myNode=fa0e0a8e...,timecost=0.19
info|2019-12-13 09:59:15.483341|[g:1][CONSENSUS][PBFT]checkAndChangeView: Reach consensus,org_view=90,org_changeCycle=0,cur_changeCycle=0,to_view=91
info|2019-12-13 09:59:16.484319|[g:1][CONSENSUS]addRawPrepare,height=36,reqIdx=2,hash=10a1c3f0...
info|2019-12-13 09:59:16.484619|[g:1][CONSENSUS][PBFT]checkTimeout Succ,view=91,toView=92,nodeIdx=3,changeCycle=0,myNode=fa0e0a8e...,timecost=0.18
info|2019-12-13 09:59:16.487841|[g:1][CONSENSUS][PBFT]checkAndChangeView: Reach consensus,org_view=91,org_changeCycle=0,cur_changeCycle=0,to_view=92
info|2019-12-13 09:59:17.489744|[g:1][CONSENSUS][SEALER]++++++++++++++++ Generating seal on,blkNum=36,tx=0,nodeIdx=3,hash=e0bc8197...
info|2019-12-13 09:59:17.505451|[g:1][CONSENSUS][PBFT]checkTimeout Succ,view=92,toView=93,nodeIdx=3,changeCycle=0,myNode=fa0e0a8e...,timecost=0.194
info|2019-12-13 09:59:17.506631|[g:1][CONSENSUS][PBFT]checkAndChangeView: Reach consensus,org_view=92,org_changeCycle=0,cur_changeCycle=0,to_view=93
info|2019-12-13 09:59:18.505172|[g:1][CONSENSUS]addRawPrepare,height=36,reqIdx=0,hash=9217caa8...
info|2019-12-13 09:59:18.505508|[g:1][CONSENSUS][PBFT]checkTimeout Succ,view=93,toView=94,nodeIdx=3,changeCycle=0,myNode=fa0e0a8e...,timecost=0.292
info|2019-12-13 09:59:18.514331|[g:1][CONSENSUS][PBFT]checkAndChangeView: Reach consensus,org_view=93,org_changeCycle=0,cur_changeCycle=0,to_view=94
info|2019-12-13 09:59:19.045964|[P2P][Service] heartBeat,connected count=3
info|2019-12-13 09:59:19.520876|[g:1][CONSENSUS]addRawPrepare,height=36,reqIdx=1,hash=5aeb1aaa...
info|2019-12-13 09:59:19.521121|[g:1][CONSENSUS][PBFT]checkTimeout Succ,view=94,toView=95,nodeIdx=3,changeCycle=0,myNode=fa0e0a8e...,timecost=0.179
info|2019-12-13 09:59:19.527392|[g:1][CONSENSUS][PBFT]checkAndChangeView: Reach consensus,org_view=94,org_changeCycle=0,cur_changeCycle=0,to_view=95
info|2019-12-13 09:59:20.532115|[g:1][CONSENSUS]addRawPrepare,height=36,reqIdx=2,hash=d510f83b...
info|2019-12-13 09:59:20.534134|[g:1][CONSENSUS][PBFT]checkTimeout Succ,view=95,toView=96,nodeIdx=3,changeCycle=0,myNode=fa0e0a8e...,timecost=0.19
info|2019-12-13 09:59:20.544334|[g:1][CONSENSUS][PBFT]checkAndChangeView: Reach consensus,org_view=95,org_changeCycle=0,cur_changeCycle=0,to_view=96
info|2019-12-13 09:59:21.548605|[g:1][CONSENSUS][SEALER]++++++++++++++++ Generating seal on,blkNum=36,tx=0,nodeIdx=3,hash=83b1e020...
info|2019-12-13 09:59:21.557955|[g:1][CONSENSUS][PBFT]checkTimeout Succ,view=96,toView=97,nodeIdx=3,changeCycle=0,myNode=fa0e0a8e...,timecost=0.195
info|2019-12-13 09:59:21.561008|[g:1][CONSENSUS][PBFT]checkAndChangeView: Reach consensus,org_view=96,org_changeCycle=0,cur_changeCycle=0,to_view=97
info|2019-12-13 09:59:22.562264|[g:1][CONSENSUS]addRawPrepare,height=36,reqIdx=0,hash=ab867b06...
info|2019-12-13 09:59:22.562490|[g:1][CONSENSUS][PBFT]checkTimeout Succ,view=97,toView=98,nodeIdx=3,changeCycle=0,myNode=fa0e0a8e...,timecost=0.197
info|2019-12-13 09:59:22.569645|[g:1][CONSENSUS][PBFT]checkAndChangeView: Reach consensus,org_view=97,org_changeCycle=0,cur_changeCycle=0,to_view=98
info|2019-12-13 09:59:23.566294|[g:1][CONSENSUS]addRawPrepare,height=36,reqIdx=1,hash=d20147f0...
info|2019-12-13 09:59:23.566533|[g:1][CONSENSUS][PBFT]checkTimeout Succ,view=98,toView=99,nodeIdx=3,changeCycle=0,myNode=fa0e0a8e...,timecost=0.177
info|2019-12-13 09:59:23.574956|[g:1][CONSENSUS][PBFT]checkAndChangeView: Reach consensus,org_view=98,org_changeCycle=0,cur_changeCycle=0,to_view=99
info|2019-12-13 09:59:24.366309|[NETWORK][Session]Received topic: [7] from 84f7f9bc15162db32794a6c6464e88f1ff533cdefab8e49a456b7ead1bead0eb792a18dd55ac8aaac81461e82fd4c53926e196dc599db8dd189217236f87ef4b
info|2019-12-13 09:59:24.575746|[g:1][CONSENSUS]addRawPrepare,height=36,reqIdx=2,hash=930d828a...
info|2019-12-13 09:59:24.575983|[g:1][CONSENSUS][PBFT]checkTimeout Succ,view=99,toView=100,nodeIdx=3,changeCycle=0,myNode=fa0e0a8e...,timecost=0.176
info|2019-12-13 09:59:24.579547|[g:1][CONSENSUS][PBFT]checkAndChangeView: Reach consensus,org_view=99,org_changeCycle=0,cur_changeCycle=0,to_view=100
info|2019-12-13 09:59:25.582206|[g:1][CONSENSUS][SEALER]++++++++++++++++ Generating seal on,blkNum=36,tx=0,nodeIdx=3,hash=5a5836ca...
info|2019-12-13 09:59:25.598702|[g:1][CONSENSUS][PBFT]checkTimeout Succ,view=100,toView=101,nodeIdx=3,changeCycle=0,myNode=fa0e0a8e...,timecost=0.196
info|2019-12-13 09:59:25.599545|[g:1][CONSENSUS][PBFT]checkAndChangeView: Reach consensus,org_view=100,org_changeCycle=0,cur_changeCycle=0,to_view=101
info|2019-12-13 09:59:26.593606|[g:1][CONSENSUS]addRawPrepare,height=36,reqIdx=0,hash=ec69ca21...
info|2019-12-13 09:59:26.593814|[g:1][CONSENSUS][PBFT]checkTimeout Succ,view=101,toView=102,nodeIdx=3,changeCycle=0,myNode=fa0e0a8e...,timecost=0.185
info|2019-12-13 09:59:26.599801|[g:1][CONSENSUS][PBFT]checkAndChangeView: Reach consensus,org_view=101,org_changeCycle=0,cur_changeCycle=0,to_view=102
info|2019-12-13 09:59:27.603479|[g:1][CONSENSUS]addRawPrepare,height=36,reqIdx=1,hash=081c977c...
info|2019-12-13 09:59:27.603721|[g:1][CONSENSUS][PBFT]checkTimeout Succ,view=102,toView=103,nodeIdx=3,changeCycle=0,myNode=fa0e0a8e...,timecost=0.177
info|2019-12-13 09:59:27.610054|[g:1][CONSENSUS][PBFT]checkAndChangeView: Reach consensus,org_view=102,org_changeCycle=0,cur_changeCycle=0,to_view=103
info|2019-12-13 09:59:28.621993|[g:1][CONSENSUS]addRawPrepare,height=36,reqIdx=2,hash=a6592f39...
info|2019-12-13 09:59:28.635025|[g:1][CONSENSUS][PBFT]checkTimeout Succ,view=103,toView=104,nodeIdx=3,changeCycle=0,myNode=fa0e0a8e...,timecost=2.086
info|2019-12-13 09:59:28.640380|[g:1][CONSENSUS][PBFT]checkAndChangeView: Reach consensus,org_view=103,org_changeCycle=0,cur_changeCycle=0,to_view=104
info|2019-12-13 09:59:29.046014|[P2P][Service] heartBeat,connected count=3
info|2019-12-13 09:59:29.640732|[g:1][CONSENSUS][SEALER]++++++++++++++++ Generating seal on,blkNum=36,tx=0,nodeIdx=3,hash=65775028...
info|2019-12-13 09:59:29.657819|[g:1][CONSENSUS][PBFT]checkTimeout Succ,view=104,toView=105,nodeIdx=3,changeCycle=0,myNode=fa0e0a8e...,timecost=0.19
info|2019-12-13 09:59:29.661483|[g:1][CONSENSUS][PBFT]checkAndChangeView: Reach consensus,org_view=104,org_changeCycle=0,cur_changeCycle=0,to_view=105
info|2019-12-13 09:59:30.664380|[g:1][CONSENSUS]addRawPrepare,height=36,reqIdx=0,hash=12f08acc...
info|2019-12-13 09:59:30.668084|[g:1][CONSENSUS][PBFT]checkTimeout Succ,view=105,toView=106,nodeIdx=3,changeCycle=0,myNode=fa0e0a8e...,timecost=3.681
info|2019-12-13 09:59:30.669011|[g:1][CONSENSUS][PBFT]checkAndChangeView: Reach consensus,org_view=105,org_changeCycle=0,cur_changeCycle=0,to_view=106
info|2019-12-13 09:59:31.673331|[g:1][CONSENSUS]addRawPrepare,height=36,reqIdx=1,hash=ddff8635...
info|2019-12-13 09:59:31.673613|[g:1][CONSENSUS][PBFT]checkTimeout Succ,view=106,toView=107,nodeIdx=3,changeCycle=0,myNode=fa0e0a8e...,timecost=0.224
info|2019-12-13 09:59:31.680077|[g:1][CONSENSUS][PBFT]checkAndChangeView: Reach consensus,org_view=106,org_changeCycle=0,cur_changeCycle=0,to_view=107
info|2019-12-13 09:59:32.676514|[g:1][CONSENSUS]addRawPrepare,height=36,reqIdx=2,hash=559ecd71...
info|2019-12-13 09:59:32.676791|[g:1][CONSENSUS][PBFT]checkTimeout Succ,view=107,toView=108,nodeIdx=3,changeCycle=0,myNode=fa0e0a8e...,timecost=0.216
info|2019-12-13 09:59:32.682160|[g:1][CONSENSUS][PBFT]checkAndChangeView: Reach consensus,org_view=107,org_changeCycle=0,cur_changeCycle=0,to_view=108
info|2019-12-13 09:59:33.684209|[g:1][CONSENSUS][SEALER]++++++++++++++++ Generating seal on,blkNum=36,tx=0,nodeIdx=3,hash=b548d2d9...
info|2019-12-13 09:59:33.693485|[g:1][CONSENSUS][PBFT]checkTimeout Succ,view=108,toView=109,nodeIdx=3,changeCycle=0,myNode=fa0e0a8e...,timecost=0.192
info|2019-12-13 09:59:33.694493|[g:1][CONSENSUS][PBFT]checkAndChangeView: Reach consensus,org_view=108,org_changeCycle=0,cur_changeCycle=0,to_view=109
info|2019-12-13 09:59:34.689553|[g:1][CONSENSUS]addRawPrepare,height=36,reqIdx=0,hash=bbd79ad5...
info|2019-12-13 09:59:34.689789|[g:1][CONSENSUS][PBFT]checkTimeout Succ,view=109,toView=110,nodeIdx=3,changeCycle=0,myNode=fa0e0a8e...,timecost=0.215
info|2019-12-13 09:59:34.693664|[g:1][CONSENSUS][PBFT]checkAndChangeView: Reach consensus,org_view=109,org_changeCycle=0,cur_changeCycle=0,to_view=110
info|2019-12-13 09:59:35.701583|[g:1][CONSENSUS]addRawPrepare,height=36,reqIdx=1,hash=ee7fe28e...
info|2019-12-13 09:59:35.702073|[g:1][CONSENSUS][PBFT]checkTimeout Succ,view=110,toView=111,nodeIdx=3,changeCycle=0,myNode=fa0e0a8e...,timecost=0.38
info|2019-12-13 09:59:35.714316|[g:1][CONSENSUS][PBFT]checkAndChangeView: Reach consensus,org_view=110,org_changeCycle=0,cur_changeCycle=0,to_view=111
info|2019-12-13 09:59:36.711927|[g:1][CONSENSUS]addRawPrepare,height=36,reqIdx=2,hash=1a30aea7...
info|2019-12-13 09:59:36.712186|[g:1][CONSENSUS][PBFT]checkTimeout Succ,view=111,toView=112,nodeIdx=3,changeCycle=0,myNode=fa0e0a8e...,timecost=0.199
info|2019-12-13 09:59:36.717708|[g:1][CONSENSUS][PBFT]checkAndChangeView: Reach consensus,org_view=111,org_changeCycle=0,cur_changeCycle=0,to_view=112
info|2019-12-13 09:59:37.718094|[g:1][CONSENSUS][SEALER]++++++++++++++++ Generating seal on,blkNum=36,tx=0,nodeIdx=3,hash=686a8aa4...
info|2019-12-13 09:59:37.728512|[g:1][CONSENSUS][PBFT]checkTimeout Succ,view=112,toView=113,nodeIdx=3,changeCycle=0,myNode=fa0e0a8e...,timecost=0.188
info|2019-12-13 09:59:37.731757|[g:1][CONSENSUS][PBFT]checkAndChangeView: Reach consensus,org_view=112,org_changeCycle=0,cur_changeCycle=0,to_view=113
info|2019-12-13 09:59:38.726253|[g:1][CONSENSUS]addRawPrepare,height=36,reqIdx=0,hash=bd4d461a...
info|2019-12-13 09:59:38.726528|[g:1][CONSENSUS][PBFT]checkTimeout Succ,view=113,toView=114,nodeIdx=3,changeCycle=0,myNode=fa0e0a8e...,timecost=0.252
info|2019-12-13 09:59:38.735918|[g:1][CONSENSUS][PBFT]checkAndChangeView: Reach consensus,org_view=113,org_changeCycle=0,cur_changeCycle=0,to_view=114
info|2019-12-13 09:59:39.046334|[P2P][Service] heartBeat,connected count=3
info|2019-12-13 09:59:39.737989|[g:1][CONSENSUS]addRawPrepare,height=36,reqIdx=1,hash=3787e08c...
info|2019-12-13 09:59:39.738230|[g:1][CONSENSUS][PBFT]checkTimeout Succ,view=114,toView=115,nodeIdx=3,changeCycle=0,myNode=fa0e0a8e...,timecost=0.18
info|2019-12-13 09:59:39.749657|[g:1][CONSENSUS][PBFT]checkAndChangeView: Reach consensus,org_view=114,org_changeCycle=0,cur_changeCycle=0,to_view=115
info|2019-12-13 09:59:40.747407|[g:1][CONSENSUS]addRawPrepare,height=36,reqIdx=2,hash=0d7ff91b...
info|2019-12-13 09:59:40.747699|[g:1][CONSENSUS][PBFT]checkTimeout Succ,view=115,toView=116,nodeIdx=3,changeCycle=0,myNode=fa0e0a8e...,timecost=0.229
info|2019-12-13 09:59:40.752266|[g:1][CONSENSUS][PBFT]checkAndChangeView: Reach consensus,org_view=115,org_changeCycle=0,cur_changeCycle=0,to_view=116
info|2019-12-13 09:59:41.756045|[g:1][CONSENSUS][SEALER]++++++++++++++++ Generating seal on,blkNum=36,tx=0,nodeIdx=3,hash=9bf71bdc...
info|2019-12-13 09:59:41.770027|[g:1][CONSENSUS][PBFT]checkTimeout Succ,view=116,toView=117,nodeIdx=3,changeCycle=0,myNode=fa0e0a8e...,timecost=0.194
info|2019-12-13 09:59:41.773469|[g:1][CONSENSUS][PBFT]checkAndChangeView: Reach consensus,org_view=116,org_changeCycle=0,cur_changeCycle=0,to_view=117
info|2019-12-13 09:59:42.775148|[g:1][CONSENSUS]addRawPrepare,height=36,reqIdx=0,hash=aa7c0a4e...
info|2019-12-13 09:59:42.775361|[g:1][CONSENSUS][PBFT]checkTimeout Succ,view=117,toView=118,nodeIdx=3,changeCycle=0,myNode=fa0e0a8e...,timecost=0.189
info|2019-12-13 09:59:42.778233|[g:1][CONSENSUS][PBFT]checkAndChangeView: Reach consensus,org_view=117,org_changeCycle=0,cur_changeCycle=0,to_view=118
info|2019-12-13 09:59:43.784003|[g:1][CONSENSUS]addRawPrepare,height=36,reqIdx=1,hash=dbaeeccf...
info|2019-12-13 09:59:43.784285|[g:1][CONSENSUS][PBFT]checkTimeout Succ,view=118,toView=119,nodeIdx=3,changeCycle=0,myNode=fa0e0a8e...,timecost=0.212
info|2019-12-13 09:59:43.789858|[g:1][CONSENSUS][PBFT]checkAndChangeView: Reach consensus,org_view=118,org_changeCycle=0,cur_changeCycle=0,to_view=119
info|2019-12-13 09:59:44.795037|[g:1][CONSENSUS]addRawPrepare,height=36,reqIdx=2,hash=55aae607...
info|2019-12-13 09:59:44.795273|[g:1][CONSENSUS][PBFT]checkTimeout Succ,view=119,toView=120,nodeIdx=3,changeCycle=0,myNode=fa0e0a8e...,timecost=0.174
info|2019-12-13 09:59:44.806193|[g:1][CONSENSUS][PBFT]checkAndChangeView: Reach consensus,org_view=119,org_changeCycle=0,cur_changeCycle=0,to_view=120
info|2019-12-13 09:59:45.806896|[g:1][CONSENSUS][SEALER]++++++++++++++++ Generating seal on,blkNum=36,tx=0,nodeIdx=3,hash=1f9f7594...
info|2019-12-13 09:59:45.818772|[g:1][CONSENSUS][PBFT]checkTimeout Succ,view=120,toView=121,nodeIdx=3,changeCycle=0,myNode=fa0e0a8e...,timecost=0.193
info|2019-12-13 09:59:45.819611|[g:1][CONSENSUS][PBFT]checkAndChangeView: Reach consensus,org_view=120,org_changeCycle=0,cur_changeCycle=0,to_view=121
info|2019-12-13 09:59:46.822511|[g:1][CONSENSUS]addRawPrepare,height=36,reqIdx=0,hash=21099825...
info|2019-12-13 09:59:46.822726|[g:1][CONSENSUS][PBFT]checkTimeout Succ,view=121,toView=122,nodeIdx=3,changeCycle=0,myNode=fa0e0a8e...,timecost=0.19
info|2019-12-13 09:59:46.825899|[g:1][CONSENSUS][PBFT]checkAndChangeView: Reach consensus,org_view=121,org_changeCycle=0,cur_changeCycle=0,to_view=122
info|2019-12-13 09:59:47.830707|[g:1][CONSENSUS]addRawPrepare,height=36,reqIdx=1,hash=e6c87741...
info|2019-12-13 09:59:47.831030|[g:1][CONSENSUS][PBFT]checkTimeout Succ,view=122,toView=123,nodeIdx=3,changeCycle=0,myNode=fa0e0a8e...,timecost=0.25
info|2019-12-13 09:59:47.839263|[g:1][CONSENSUS][PBFT]checkAndChangeView: Reach consensus,org_view=122,org_changeCycle=0,cur_changeCycle=0,to_view=123
info|2019-12-13 09:59:48.840543|[g:1][CONSENSUS]addRawPrepare,height=36,reqIdx=2,hash=b5615d9e...
info|2019-12-13 09:59:48.840836|[g:1][CONSENSUS][PBFT]checkTimeout Succ,view=123,toView=124,nodeIdx=3,changeCycle=0,myNode=fa0e0a8e...,timecost=0.233
info|2019-12-13 09:59:48.845500|[g:1][CONSENSUS][PBFT]checkAndChangeView: Reach consensus,org_view=123,org_changeCycle=0,cur_changeCycle=0,to_view=124
info|2019-12-13 09:59:49.046405|[P2P][Service] heartBeat,connected count=3
info|2019-12-13 09:59:49.848920|[g:1][CONSENSUS][SEALER]++++++++++++++++ Generating seal on,blkNum=36,tx=0,nodeIdx=3,hash=8a2e72ea...
info|2019-12-13 09:59:49.860606|[g:1][CONSENSUS][PBFT]checkTimeout Succ,view=124,toView=125,nodeIdx=3,changeCycle=0,myNode=fa0e0a8e...,timecost=0.195
info|2019-12-13 09:59:49.863650|[g:1][CONSENSUS][PBFT]checkAndChangeView: Reach consensus,org_view=124,org_changeCycle=0,cur_changeCycle=0,to_view=125
info|2019-12-13 09:59:50.862533|[g:1][CONSENSUS]addRawPrepare,height=36,reqIdx=0,hash=c20d1c82...
info|2019-12-13 09:59:50.862747|[g:1][CONSENSUS][PBFT]checkTimeout Succ,view=125,toView=126,nodeIdx=3,changeCycle=0,myNode=fa0e0a8e...,timecost=0.187
info|2019-12-13 09:59:50.869445|[g:1][CONSENSUS][PBFT]checkAndChangeView: Reach consensus,org_view=125,org_changeCycle=0,cur_changeCycle=0,to_view=126
info|2019-12-13 09:59:51.872149|[g:1][CONSENSUS]addRawPrepare,height=36,reqIdx=1,hash=278af6ec...
info|2019-12-13 09:59:51.884585|[g:1][CONSENSUS][PBFT]checkTimeout Succ,view=126,toView=127,nodeIdx=3,changeCycle=0,myNode=fa0e0a8e...,timecost=12.296
info|2019-12-13 09:59:51.889436|[g:1][CONSENSUS][PBFT]checkAndChangeView: Reach consensus,org_view=126,org_changeCycle=0,cur_changeCycle=0,to_view=127
info|2019-12-13 09:59:52.892343|[g:1][CONSENSUS]addRawPrepare,height=36,reqIdx=2,hash=a1766a51...
info|2019-12-13 09:59:52.892620|[g:1][CONSENSUS][PBFT]checkTimeout Succ,view=127,toView=128,nodeIdx=3,changeCycle=0,myNode=fa0e0a8e...,timecost=0.18
info|2019-12-13 09:59:52.897352|[g:1][CONSENSUS][PBFT]checkAndChangeView: Reach consensus,org_view=127,org_changeCycle=0,cur_changeCycle=0,to_view=128
info|2019-12-13 09:59:53.700796|[g:1][CONSENSUS][SEALER]++++++++++++++++ Generating seal on,blkNum=36,tx=1,nodeIdx=3,hash=be0e1aa5...
info|2019-12-13 09:59:53.729804|[g:1][CONSENSUS]addRawPrepare,height=36,reqIdx=3,hash=be0e1aa5...
info|2019-12-13 09:59:53.732812|[g:1][BLOCKVERIFIER][executeBlock]Executing block,txNum=1,num=36,parentHash=f35a4041abd7d42f00f66c5a9b1055ce8ef6aebab1cc3f94f800ceb30a801669,parentNum=35,parentStateRoot=0b4048269f2eab8b8cf081c7619e506fb9380332f0c350200c84cca86d92e307
info|2019-12-13 09:59:53.749169|[g:1][CONSENSUS][PBFT]execBlock,blkNum=36,reqIdx=3,hash=4503fe7c...,nodeIdx=3,myNode=fa0e0a8e...,decodeCost=0,checkCost=0,notifyCost=0,noteSealingCost=2,currentCycle=0,verifyAndSetSenderCost=0,execCost=17,execPerTx=17,totalCost=19
info|2019-12-13 09:59:53.754957|[g:1][CONSENSUS][PBFT]handlePrepareMsg Succ,Timecost=25.37,INFO=handlePrepareMsg,reqIdx=3,view=128,reqNum=36,curNum=35,consNum=36,fromIp=self,hash=be0e1aa5...,nodeIdx=3,myNode=fa0e0a8e...,curChangeCycle=0
info|2019-12-13 09:59:53.755003|[g:1][CONSENSUS][PBFT]generateLocalPrepare,hash=be0e1aa5...,H=36,nodeIdx=3,myNode=fa0e0a8e...
info|2019-12-13 09:59:53.755282|[g:1][CONSENSUS][PBFT]handleSignMsg Succ,Timecost=0.26,INFO=handleSignMsg,num=36,curNum=35,GenIdx=0,Sview=128,view=128,fromIdx=0,fromNode=1dad4560...,fromIp=127.0.0.1:54548,hash=4503fe7c...,nodeIdx=3,myNode=fa0e0a8e...
info|2019-12-13 09:59:53.755580|[g:1][CONSENSUS][PBFT]handleCommitMsg Succ,INFO=handleCommitMsg,reqNum=36,curNum=35,GenIdx=0,Cview=128,view=128,fromIdx=0,fromNode=1dad4560...,fromIp=127.0.0.1:54548,hash=4503fe7c...,nodeIdx=3,myNode=fa0e0a8e...,Timecost=0.216
info|2019-12-13 09:59:53.755858|[g:1][CONSENSUS][PBFT]handleCommitMsg Succ,INFO=handleCommitMsg,reqNum=36,curNum=35,GenIdx=1,Cview=128,view=128,fromIdx=1,fromNode=1e2232da...,fromIp=127.0.0.1:54570,hash=4503fe7c...,nodeIdx=3,myNode=fa0e0a8e...,Timecost=0.241
info|2019-12-13 09:59:53.756112|[g:1][CONSENSUS][PBFT]checkAndCommit: backup/updateCommittedPrepare,reqNum=36,hash=be0e1aa5...,nodeIdx=3,myNode=fa0e0a8e...
info|2019-12-13 09:59:53.756348|[g:1][CONSENSUS][PBFT]checkAndSave: CommitReq enough,prepareHeight=36,commitSize=3,hash=4503fe7c...,nodeIdx=3,myNode=fa0e0a8e...
info|2019-12-13 09:59:53.758995|[g:1][g:1][STORAGE][CachedStorage]CachedStorage commit: 6 hash: 4503fe7c77bbfe1f1dceaa0b6ff71b32110bbd63a2b04c29626091dca5c682e5 num: 36
info|2019-12-13 09:59:53.759132|[STORAGE]Start commit block: 36 to backend storage
info|2019-12-13 09:59:53.759479|[STORAGE][g:1]
---------------------------------------------------------------------
Commit block: 36 to backend storage finished, current cached block: 36
Flush elapsed time: 0.0003s
---------------------------------------------------------------------

info|2019-12-13 09:59:53.759508|[g:1][STORAGE]Submited block task: 36, current syncd block: 36
info|2019-12-13 09:59:53.759837|[g:1]Push block notify: 1-36
info|2019-12-13 09:59:53.759962|[g:1][CONSENSUS][PBFT]CommitBlock Succ,prepareHeight=36,reqIdx=3,hash=4503fe7c...,nodeIdx=3,myNode=fa0e0a8e...,genSigTimeCost=0,commitBlockTimeCost=3,dropTxsTimeCost=0,noteSealingTimeCost=0,totalTimeCost=3
info|2019-12-13 09:59:53.759988|[g:1][CONSENSUS][PBFT]handleSignMsg Succ,Timecost=4.09,INFO=handleSignMsg,num=36,curNum=35,GenIdx=2,Sview=128,view=128,fromIdx=2,fromNode=84f7f9bc...,fromIp=127.0.0.1:54562,hash=4503fe7c...,nodeIdx=3,myNode=fa0e0a8e...
info|2019-12-13 09:59:53.760346|[g:1][CONSENSUS][PBFT]checkReq: Recv future request,prepHash=00000000...,INFO=handleSignMsg,num=36,curNum=35,GenIdx=2,Sview=128,view=128,fromIdx=0,fromNode=1dad4560...,fromIp=127.0.0.1:54548,hash=4503fe7c...,nodeIdx=3,myNode=fa0e0a8e...
info|2019-12-13 09:59:53.760428|[g:1][CONSENSUS][PBFT]FutureBlock,INFO=handleSignMsg,num=36,curNum=35,GenIdx=2,Sview=128,view=128,fromIdx=0,fromNode=1dad4560...,fromIp=127.0.0.1:54548,hash=4503fe7c...,nodeIdx=3,myNode=fa0e0a8e...
info|2019-12-13 09:59:53.760666|[g:1][CONSENSUS][PBFT]checkReq: Recv future request,prepHash=00000000...,INFO=handleSignMsg,num=36,curNum=35,GenIdx=1,Sview=128,view=128,fromIdx=1,fromNode=1e2232da...,fromIp=127.0.0.1:54570,hash=4503fe7c...,nodeIdx=3,myNode=fa0e0a8e...
info|2019-12-13 09:59:53.760683|[g:1][CONSENSUS][PBFT]FutureBlock,INFO=handleSignMsg,num=36,curNum=35,GenIdx=1,Sview=128,view=128,fromIdx=1,fromNode=1e2232da...,fromIp=127.0.0.1:54570,hash=4503fe7c...,nodeIdx=3,myNode=fa0e0a8e...
info|2019-12-13 09:59:53.764797|[g:1][CONSENSUS][PBFT]checkReq: Recv future request,prepHash=00000000...,INFO=handleCommitMsg,reqNum=36,curNum=35,GenIdx=2,Cview=128,view=128,fromIdx=0,fromNode=1dad4560...,fromIp=127.0.0.1:54548,hash=4503fe7c...,nodeIdx=3,myNode=fa0e0a8e...
info|2019-12-13 09:59:53.765092|[g:1][CONSENSUS][PBFT]checkReq: Recv future request,prepHash=00000000...,INFO=handleCommitMsg,reqNum=36,curNum=35,GenIdx=0,Cview=128,view=128,fromIdx=2,fromNode=84f7f9bc...,fromIp=127.0.0.1:54562,hash=4503fe7c...,nodeIdx=3,myNode=fa0e0a8e...
info|2019-12-13 09:59:53.765437|[g:1][CONSENSUS][PBFT]checkReq: Recv future request,prepHash=00000000...,INFO=handleCommitMsg,reqNum=36,curNum=35,GenIdx=1,Cview=128,view=128,fromIdx=0,fromNode=1dad4560...,fromIp=127.0.0.1:54548,hash=4503fe7c...,nodeIdx=3,myNode=fa0e0a8e...
info|2019-12-13 09:59:53.765558|[g:1][CONSENSUS][PBFT]^^^^^^^^Report,num=36,sealerIdx=3,hash=4503fe7c...,next=37,tx=1,nodeIdx=3
info|2019-12-13 09:59:54.367156|[NETWORK][Session]Received topic: [8] from 84f7f9bc15162db32794a6c6464e88f1ff533cdefab8e49a456b7ead1bead0eb792a18dd55ac8aaac81461e82fd4c53926e196dc599db8dd189217236f87ef4b
info|2019-12-13 09:59:54.753203|[g:1][CONSENSUS]addRawPrepare,height=37,reqIdx=0,hash=ff3849b8...
info|2019-12-13 09:59:54.753452|[g:1][CONSENSUS][PBFT]checkTimeout Succ,view=0,toView=1,nodeIdx=3,changeCycle=0,myNode=fa0e0a8e...,timecost=0.181
info|2019-12-13 09:59:54.761058|[g:1][CONSENSUS][PBFT]checkAndChangeView: Reach consensus,org_view=0,org_changeCycle=0,cur_changeCycle=0,to_view=1
info|2019-12-13 09:59:55.763744|[g:1][CONSENSUS]addRawPrepare,height=37,reqIdx=1,hash=6d5d2c06...
info|2019-12-13 09:59:55.763985|[g:1][CONSENSUS][PBFT]checkTimeout Succ,view=1,toView=2,nodeIdx=3,changeCycle=0,myNode=fa0e0a8e...,timecost=0.177
info|2019-12-13 09:59:55.771183|[g:1][CONSENSUS][PBFT]checkAndChangeView: Reach consensus,org_view=1,org_changeCycle=0,cur_changeCycle=0,to_view=2
info|2019-12-13 09:59:56.773709|[g:1][CONSENSUS]addRawPrepare,height=37,reqIdx=2,hash=52174cbc...
info|2019-12-13 09:59:56.773959|[g:1][CONSENSUS][PBFT]checkTimeout Succ,view=2,toView=3,nodeIdx=3,changeCycle=0,myNode=fa0e0a8e...,timecost=0.188
info|2019-12-13 09:59:56.784459|[g:1][CONSENSUS][PBFT]checkAndChangeView: Reach consensus,org_view=2,org_changeCycle=0,cur_changeCycle=0,to_view=3
info|2019-12-13 09:59:57.785190|[g:1][CONSENSUS][SEALER]++++++++++++++++ Generating seal on,blkNum=37,tx=0,nodeIdx=3,hash=03aebe69...
info|2019-12-13 09:59:57.790366|[g:1][CONSENSUS][PBFT]checkTimeout Succ,view=3,toView=4,nodeIdx=3,changeCycle=0,myNode=fa0e0a8e...,timecost=0.2
info|2019-12-13 09:59:57.790649|[g:1][CONSENSUS][PBFT]checkAndChangeView: Reach consensus,org_view=3,org_changeCycle=0,cur_changeCycle=0,to_view=4
info|2019-12-13 09:59:58.805299|[g:1][CONSENSUS]addRawPrepare,height=37,reqIdx=0,hash=d57bfa75...
info|2019-12-13 09:59:58.805514|[g:1][CONSENSUS][PBFT]checkTimeout Succ,view=4,toView=5,nodeIdx=3,changeCycle=0,myNode=fa0e0a8e...,timecost=0.19
info|2019-12-13 09:59:58.811223|[g:1][CONSENSUS][PBFT]checkAndChangeView: Reach consensus,org_view=4,org_changeCycle=0,cur_changeCycle=0,to_view=5
info|2019-12-13 09:59:59.046498|[P2P][Service] heartBeat,connected count=3
info|2019-12-13 09:59:59.367204|[NETWORK][Session]Received topic: [9] from 84f7f9bc15162db32794a6c6464e88f1ff533cdefab8e49a456b7ead1bead0eb792a18dd55ac8aaac81461e82fd4c53926e196dc599db8dd189217236f87ef4b
info|2019-12-13 09:59:59.810910|[g:1][CONSENSUS]addRawPrepare,height=37,reqIdx=1,hash=a19ddd36...
info|2019-12-13 09:59:59.811186|[g:1][CONSENSUS][PBFT]checkTimeout Succ,view=5,toView=6,nodeIdx=3,changeCycle=0,myNode=fa0e0a8e...,timecost=0.213
info|2019-12-13 09:59:59.818404|[g:1][CONSENSUS][PBFT]checkAndChangeView: Reach consensus,org_view=5,org_changeCycle=0,cur_changeCycle=0,to_view=6
