[2019-12-10 19:54:24] Initializing...
FISCO-BCOS Version : 2.1.0
Build Time         : 20190923 13:22:09
Build Type         : Linux/clang/Release
Git Branch         : HEAD
Git Commit Hash    : cb68124d4fbf3df563a57dfff5f0c6eedc1419cc
[2019-12-10 19:54:25] The FISCO-BCOS is running...
[2019-12-12 15:01:59] Initializing...
FISCO-BCOS Version : 2.1.0
Build Time         : 20190923 13:22:09
Build Type         : Linux/clang/Release
Git Branch         : HEAD
Git Commit Hash    : cb68124d4fbf3df563a57dfff5f0c6eedc1419cc
[2019-12-12 15:02:00] The FISCO-BCOS is running...
[2019-12-13 09:57:08] Initializing...
FISCO-BCOS Version : 2.1.0
Build Time         : 20190923 13:22:09
Build Type         : Linux/clang/Release
Git Branch         : HEAD
Git Commit Hash    : cb68124d4fbf3df563a57dfff5f0c6eedc1419cc
[2019-12-13 09:57:09] The FISCO-BCOS is running...
[2019-12-13 20:38:40] Initializing...
[INITIALIZER][P2PInitializer]initConfig for P2PInitializer failed,check Port=30303,EINFO=Throw location unknown (consider using BOOST_THROW_EXCEPTION)
Dynamic exception type: boost::exception_detail::clone_impl<boost::exception_detail::error_info_injector<boost::system::system_error> >
std::exception::what: bind: Address already in use

[2019-12-13 20:38:57] Initializing...
[INITIALIZER][P2PInitializer]initConfig for P2PInitializer failed,check Port=30303,EINFO=Throw location unknown (consider using BOOST_THROW_EXCEPTION)
Dynamic exception type: boost::exception_detail::clone_impl<boost::exception_detail::error_info_injector<boost::system::system_error> >
std::exception::what: bind: Address already in use

